
*** Running vivado
    with args -log design_2_xlconstant_0_0.vds -m64 -product Vivado -mode batch -messageDb vivado.pb -notrace -source design_2_xlconstant_0_0.tcl


****** Vivado v2017.2 (64-bit)
  **** SW Build 1909853 on Thu Jun 15 18:39:10 MDT 2017
  **** IP Build 1909766 on Thu Jun 15 19:58:00 MDT 2017
    ** Copyright 1986-2017 Xilinx, Inc. All Rights Reserved.

source design_2_xlconstant_0_0.tcl -notrace
Starting RTL Elaboration : Time (s): cpu = 00:00:02 ; elapsed = 00:00:03 . Memory (MB): peak = 1366.020 ; gain = 69.996 ; free physical = 22927 ; free virtual = 34831
INFO: [Synth 8-638] synthesizing module 'design_2_xlconstant_0_0' [/afs/ece.cmu.edu/usr/dworpell/project_12/project_12.srcs/sources_1/bd/design_2/ip/design_2_xlconstant_0_0/synth/design_2_xlconstant_0_0.v:57]
INFO: [Synth 8-638] synthesizing module 'xlconstant_v1_1_3_xlconstant' [/afs/ece.cmu.edu/usr/dworpell/project_12/project_12.srcs/sources_1/bd/design_2/ipshared/45df/hdl/xlconstant_v1_1_vl_rfs.v:23]
INFO: [Synth 8-256] done synthesizing module 'xlconstant_v1_1_3_xlconstant' (1#1) [/afs/ece.cmu.edu/usr/dworpell/project_12/project_12.srcs/sources_1/bd/design_2/ipshared/45df/hdl/xlconstant_v1_1_vl_rfs.v:23]
INFO: [Synth 8-256] done synthesizing module 'design_2_xlconstant_0_0' (2#1) [/afs/ece.cmu.edu/usr/dworpell/project_12/project_12.srcs/sources_1/bd/design_2/ip/design_2_xlconstant_0_0/synth/design_2_xlconstant_0_0.v:57]
Finished RTL Elaboration : Time (s): cpu = 00:00:03 ; elapsed = 00:00:03 . Memory (MB): peak = 1406.527 ; gain = 110.504 ; free physical = 22953 ; free virtual = 34862
Finished RTL Optimization Phase 1 : Time (s): cpu = 00:00:03 ; elapsed = 00:00:04 . Memory (MB): peak = 1406.527 ; gain = 110.504 ; free physical = 22953 ; free virtual = 34861
INFO: [Device 21-403] Loading part xc7vx485tffg1761-2
Constraint Validation Runtime : Time (s): cpu = 00:00:00.01 ; elapsed = 00:00:00.01 . Memory (MB): peak = 1797.289 ; gain = 0.000 ; free physical = 21722 ; free virtual = 33666
Finished Constraint Validation : Time (s): cpu = 00:00:14 ; elapsed = 00:00:17 . Memory (MB): peak = 1797.289 ; gain = 501.266 ; free physical = 21999 ; free virtual = 33945
Finished Loading Part and Timing Information : Time (s): cpu = 00:00:14 ; elapsed = 00:00:17 . Memory (MB): peak = 1797.289 ; gain = 501.266 ; free physical = 21999 ; free virtual = 33945
Finished applying 'set_property' XDC Constraints : Time (s): cpu = 00:00:14 ; elapsed = 00:00:17 . Memory (MB): peak = 1797.289 ; gain = 501.266 ; free physical = 22001 ; free virtual = 33946
Finished RTL Optimization Phase 2 : Time (s): cpu = 00:00:14 ; elapsed = 00:00:17 . Memory (MB): peak = 1797.289 ; gain = 501.266 ; free physical = 22001 ; free virtual = 33946
Finished Cross Boundary and Area Optimization : Time (s): cpu = 00:00:14 ; elapsed = 00:00:18 . Memory (MB): peak = 1797.289 ; gain = 501.266 ; free physical = 22034 ; free virtual = 33981
Finished Applying XDC Timing Constraints : Time (s): cpu = 00:00:18 ; elapsed = 00:00:22 . Memory (MB): peak = 1805.273 ; gain = 509.250 ; free physical = 21657 ; free virtual = 33621
Finished Timing Optimization : Time (s): cpu = 00:00:18 ; elapsed = 00:00:22 . Memory (MB): peak = 1805.273 ; gain = 509.250 ; free physical = 21653 ; free virtual = 33617
Finished Technology Mapping : Time (s): cpu = 00:00:18 ; elapsed = 00:00:22 . Memory (MB): peak = 1814.285 ; gain = 518.262 ; free physical = 21649 ; free virtual = 33613
Finished IO Insertion : Time (s): cpu = 00:00:19 ; elapsed = 00:00:22 . Memory (MB): peak = 1814.285 ; gain = 518.262 ; free physical = 21628 ; free virtual = 33592
Finished Renaming Generated Instances : Time (s): cpu = 00:00:19 ; elapsed = 00:00:22 . Memory (MB): peak = 1814.285 ; gain = 518.262 ; free physical = 21628 ; free virtual = 33592
Finished Rebuilding User Hierarchy : Time (s): cpu = 00:00:19 ; elapsed = 00:00:22 . Memory (MB): peak = 1814.285 ; gain = 518.262 ; free physical = 21628 ; free virtual = 33592
Finished Renaming Generated Ports : Time (s): cpu = 00:00:19 ; elapsed = 00:00:22 . Memory (MB): peak = 1814.285 ; gain = 518.262 ; free physical = 21628 ; free virtual = 33592
Finished Handling Custom Attributes : Time (s): cpu = 00:00:19 ; elapsed = 00:00:22 . Memory (MB): peak = 1814.285 ; gain = 518.262 ; free physical = 21628 ; free virtual = 33592
Finished Renaming Generated Nets : Time (s): cpu = 00:00:19 ; elapsed = 00:00:22 . Memory (MB): peak = 1814.285 ; gain = 518.262 ; free physical = 21628 ; free virtual = 33592

Report Cell Usage: 
+-+-----+------+
| |Cell |Count |
+-+-----+------+
+-+-----+------+
Finished Writing Synthesis Report : Time (s): cpu = 00:00:19 ; elapsed = 00:00:22 . Memory (MB): peak = 1814.285 ; gain = 518.262 ; free physical = 21628 ; free virtual = 33592
synth_design: Time (s): cpu = 00:00:20 ; elapsed = 00:00:23 . Memory (MB): peak = 1836.285 ; gain = 617.051 ; free physical = 21650 ; free virtual = 33616
