
*** Running vivado
    with args -log design_1_xlslice_1_5.vds -m64 -product Vivado -mode batch -messageDb vivado.pb -notrace -source design_1_xlslice_1_5.tcl


****** Vivado v2017.2 (64-bit)
  **** SW Build 1909853 on Thu Jun 15 18:39:10 MDT 2017
  **** IP Build 1909766 on Thu Jun 15 19:58:00 MDT 2017
    ** Copyright 1986-2017 Xilinx, Inc. All Rights Reserved.

source design_1_xlslice_1_5.tcl -notrace
Starting RTL Elaboration : Time (s): cpu = 00:00:03 ; elapsed = 00:00:03 . Memory (MB): peak = 1375.016 ; gain = 75.996 ; free physical = 22769 ; free virtual = 34844
INFO: [Synth 8-638] synthesizing module 'design_1_xlslice_1_5' [/afs/ece.cmu.edu/usr/dworpell/project_12/project_12.srcs/sources_1/bd/design_1/ip/design_1_xlslice_1_5/synth/design_1_xlslice_1_5.v:57]
INFO: [Synth 8-638] synthesizing module 'xlslice_v1_0_1_xlslice' [/afs/ece.cmu.edu/usr/dworpell/project_12/project_12.srcs/sources_1/bd/design_1/ipshared/bb23/hdl/xlslice_v1_0_vl_rfs.v:13]
INFO: [Synth 8-256] done synthesizing module 'xlslice_v1_0_1_xlslice' (1#1) [/afs/ece.cmu.edu/usr/dworpell/project_12/project_12.srcs/sources_1/bd/design_1/ipshared/bb23/hdl/xlslice_v1_0_vl_rfs.v:13]
INFO: [Synth 8-256] done synthesizing module 'design_1_xlslice_1_5' (2#1) [/afs/ece.cmu.edu/usr/dworpell/project_12/project_12.srcs/sources_1/bd/design_1/ip/design_1_xlslice_1_5/synth/design_1_xlslice_1_5.v:57]
Finished RTL Elaboration : Time (s): cpu = 00:00:03 ; elapsed = 00:00:03 . Memory (MB): peak = 1415.523 ; gain = 116.504 ; free physical = 22698 ; free virtual = 34783
Finished RTL Optimization Phase 1 : Time (s): cpu = 00:00:03 ; elapsed = 00:00:03 . Memory (MB): peak = 1415.523 ; gain = 116.504 ; free physical = 22686 ; free virtual = 34772
INFO: [Device 21-403] Loading part xc7vx485tffg1761-2
Constraint Validation Runtime : Time (s): cpu = 00:00:00.01 ; elapsed = 00:00:00.03 . Memory (MB): peak = 1811.285 ; gain = 0.000 ; free physical = 21805 ; free virtual = 33905
Finished Constraint Validation : Time (s): cpu = 00:00:14 ; elapsed = 00:00:17 . Memory (MB): peak = 1811.285 ; gain = 512.266 ; free physical = 21857 ; free virtual = 33944
Finished Loading Part and Timing Information : Time (s): cpu = 00:00:15 ; elapsed = 00:00:17 . Memory (MB): peak = 1811.285 ; gain = 512.266 ; free physical = 21857 ; free virtual = 33944
Finished applying 'set_property' XDC Constraints : Time (s): cpu = 00:00:15 ; elapsed = 00:00:17 . Memory (MB): peak = 1811.285 ; gain = 512.266 ; free physical = 21859 ; free virtual = 33945
Finished RTL Optimization Phase 2 : Time (s): cpu = 00:00:15 ; elapsed = 00:00:17 . Memory (MB): peak = 1811.285 ; gain = 512.266 ; free physical = 21859 ; free virtual = 33945
Finished Cross Boundary and Area Optimization : Time (s): cpu = 00:00:15 ; elapsed = 00:00:17 . Memory (MB): peak = 1811.285 ; gain = 512.266 ; free physical = 21856 ; free virtual = 33942
Finished Applying XDC Timing Constraints : Time (s): cpu = 00:00:19 ; elapsed = 00:00:21 . Memory (MB): peak = 1814.270 ; gain = 515.250 ; free physical = 21638 ; free virtual = 33731
Finished Timing Optimization : Time (s): cpu = 00:00:19 ; elapsed = 00:00:21 . Memory (MB): peak = 1814.270 ; gain = 515.250 ; free physical = 21638 ; free virtual = 33731
Finished Technology Mapping : Time (s): cpu = 00:00:19 ; elapsed = 00:00:21 . Memory (MB): peak = 1823.281 ; gain = 524.262 ; free physical = 21637 ; free virtual = 33730
Finished IO Insertion : Time (s): cpu = 00:00:19 ; elapsed = 00:00:22 . Memory (MB): peak = 1823.281 ; gain = 524.262 ; free physical = 21645 ; free virtual = 33733
Finished Renaming Generated Instances : Time (s): cpu = 00:00:19 ; elapsed = 00:00:22 . Memory (MB): peak = 1823.281 ; gain = 524.262 ; free physical = 21645 ; free virtual = 33733
Finished Rebuilding User Hierarchy : Time (s): cpu = 00:00:19 ; elapsed = 00:00:22 . Memory (MB): peak = 1823.281 ; gain = 524.262 ; free physical = 21645 ; free virtual = 33733
Finished Renaming Generated Ports : Time (s): cpu = 00:00:19 ; elapsed = 00:00:22 . Memory (MB): peak = 1823.281 ; gain = 524.262 ; free physical = 21645 ; free virtual = 33733
Finished Handling Custom Attributes : Time (s): cpu = 00:00:19 ; elapsed = 00:00:22 . Memory (MB): peak = 1823.281 ; gain = 524.262 ; free physical = 21645 ; free virtual = 33733
Finished Renaming Generated Nets : Time (s): cpu = 00:00:19 ; elapsed = 00:00:22 . Memory (MB): peak = 1823.281 ; gain = 524.262 ; free physical = 21645 ; free virtual = 33733

Report Cell Usage: 
+-+-----+------+
| |Cell |Count |
+-+-----+------+
+-+-----+------+
Finished Writing Synthesis Report : Time (s): cpu = 00:00:19 ; elapsed = 00:00:22 . Memory (MB): peak = 1823.281 ; gain = 524.262 ; free physical = 21645 ; free virtual = 33733
synth_design: Time (s): cpu = 00:00:20 ; elapsed = 00:00:23 . Memory (MB): peak = 1838.281 ; gain = 618.051 ; free physical = 21652 ; free virtual = 33740
