Copyright 1986-2017 Xilinx, Inc. All Rights Reserved.
-----------------------------------------------------------------------------------------------------------
| Tool Version : Vivado v.2017.2 (lin64) Build 1909853 Thu Jun 15 18:39:10 MDT 2017
| Date         : Wed Nov  7 10:44:00 2018
| Host         : liberty.andrew.cmu.edu running 64-bit Red Hat Enterprise Linux Server release 7.5 (Maipo)
| Command      : upgrade_ip
| Device       : xc7vx485tffg1761-2
-----------------------------------------------------------------------------------------------------------

Upgrade Log for IP 'design_1_datafake_0_1'

1. Summary
----------

SUCCESS in the upgrade of design_1_datafake_0_1 (xilinx.com:hls:datafake:1.0) from (Rev. 1811071035) to (Rev. 1811071042)






Copyright 1986-2017 Xilinx, Inc. All Rights Reserved.
-----------------------------------------------------------------------------------------------------------
| Tool Version : Vivado v.2017.2 (lin64) Build 1909853 Thu Jun 15 18:39:10 MDT 2017
| Date         : Wed Nov  7 10:36:48 2018
| Host         : liberty.andrew.cmu.edu running 64-bit Red Hat Enterprise Linux Server release 7.5 (Maipo)
| Command      : upgrade_ip
| Device       : xc7vx485tffg1761-2
-----------------------------------------------------------------------------------------------------------

Upgrade Log for IP 'design_1_datafake_0_1'

1. Summary
----------

SUCCESS in the upgrade of design_1_datafake_0_1 (xilinx.com:hls:datafake:1.0) from (Rev. 1811071012) to (Rev. 1811071035)

