
*** Running vivado
    with args -log design_2_wrapper.vds -m64 -product Vivado -mode batch -messageDb vivado.pb -notrace -source design_2_wrapper.tcl


****** Vivado v2017.2 (64-bit)
  **** SW Build 1909853 on Thu Jun 15 18:39:10 MDT 2017
  **** IP Build 1909766 on Thu Jun 15 19:58:00 MDT 2017
    ** Copyright 1986-2017 Xilinx, Inc. All Rights Reserved.

source design_2_wrapper.tcl -notrace
INFO: [IP_Flow 19-234] Refreshing IP repositories
INFO: [IP_Flow 19-1700] Loaded user IP repository '/afs/ece.cmu.edu/usr/dworpell/blacksholes_module/solution1/impl/ip'.
INFO: [IP_Flow 19-1700] Loaded user IP repository '/afs/ece.cmu.edu/usr/dworpell/TestCodes/solution1/impl/ip'.
INFO: [IP_Flow 19-2313] Loaded Vivado IP repository '/usr/local/xilinx/Vivado-2017.2/Vivado/2017.2/data/ip'.
WARNING: [IP_Flow 19-3664] IP 'design_2_clk_wiz_0_0' generated file not found '/afs/ece.cmu.edu/usr/dworpell/project_12/project_12.srcs/sources_1/bd/design_2/ip/design_2_clk_wiz_0_0/stats.txt'. Please regenerate to continue.
Command: synth_design -top design_2_wrapper -part xc7vx485tffg1761-2
Starting synth_design
Attempting to get a license for feature 'Synthesis' and/or device 'xc7vx485t-ffg1761'
INFO: [Common 17-349] Got license for feature 'Synthesis' and/or device 'xc7vx485t-ffg1761'
INFO: [Common 17-1223] The version limit for your license is '2018.07' and will expire in -88 days. A version limit expiration means that, although you may be able to continue to use the current version of tools or IP with this license, you will not be eligible for any updates or new releases.
INFO: Launching helper process for spawning children vivado processes
INFO: Helper process launched with PID 21740 
---------------------------------------------------------------------------------
Starting RTL Elaboration : Time (s): cpu = 00:00:02 ; elapsed = 00:00:02 . Memory (MB): peak = 1370.012 ; gain = 65.996 ; free physical = 21786 ; free virtual = 34032
---------------------------------------------------------------------------------
INFO: [Synth 8-638] synthesizing module 'design_2_wrapper' [/afs/ece.cmu.edu/usr/dworpell/project_12/project_12.srcs/sources_1/bd/design_2/hdl/design_2_wrapper.v:12]
INFO: [Synth 8-638] synthesizing module 'design_2' [/afs/ece.cmu.edu/usr/dworpell/project_12/project_12.srcs/sources_1/bd/design_2/hdl/design_2.v:13]
INFO: [Synth 8-638] synthesizing module 'design_2_WaitForInput_0_1' [/afs/ece.cmu.edu/usr/dworpell/project_12/project_12.runs/synth_1/.Xil/Vivado-21681-liberty.andrew.cmu.edu/realtime/design_2_WaitForInput_0_1_stub.v:6]
INFO: [Synth 8-256] done synthesizing module 'design_2_WaitForInput_0_1' (1#1) [/afs/ece.cmu.edu/usr/dworpell/project_12/project_12.runs/synth_1/.Xil/Vivado-21681-liberty.andrew.cmu.edu/realtime/design_2_WaitForInput_0_1_stub.v:6]
WARNING: [Synth 8-350] instance 'WaitForInput_0' of module 'design_2_WaitForInput_0_1' requires 8 connections, but only 6 given [/afs/ece.cmu.edu/usr/dworpell/project_12/project_12.srcs/sources_1/bd/design_2/hdl/design_2.v:42]
INFO: [Synth 8-638] synthesizing module 'design_2_clk_wiz_0_0' [/afs/ece.cmu.edu/usr/dworpell/project_12/project_12.runs/synth_1/.Xil/Vivado-21681-liberty.andrew.cmu.edu/realtime/design_2_clk_wiz_0_0_stub.v:5]
INFO: [Synth 8-256] done synthesizing module 'design_2_clk_wiz_0_0' (2#1) [/afs/ece.cmu.edu/usr/dworpell/project_12/project_12.runs/synth_1/.Xil/Vivado-21681-liberty.andrew.cmu.edu/realtime/design_2_clk_wiz_0_0_stub.v:5]
WARNING: [Synth 8-350] instance 'clk_wiz_0' of module 'design_2_clk_wiz_0_0' requires 5 connections, but only 4 given [/afs/ece.cmu.edu/usr/dworpell/project_12/project_12.srcs/sources_1/bd/design_2/hdl/design_2.v:49]
INFO: [Synth 8-638] synthesizing module 'design_2_xlconcat_0_1' [/afs/ece.cmu.edu/usr/dworpell/project_12/project_12.runs/synth_1/.Xil/Vivado-21681-liberty.andrew.cmu.edu/realtime/design_2_xlconcat_0_1_stub.v:6]
INFO: [Synth 8-256] done synthesizing module 'design_2_xlconcat_0_1' (3#1) [/afs/ece.cmu.edu/usr/dworpell/project_12/project_12.runs/synth_1/.Xil/Vivado-21681-liberty.andrew.cmu.edu/realtime/design_2_xlconcat_0_1_stub.v:6]
INFO: [Synth 8-638] synthesizing module 'design_2_xlconcat_1_0' [/afs/ece.cmu.edu/usr/dworpell/project_12/project_12.runs/synth_1/.Xil/Vivado-21681-liberty.andrew.cmu.edu/realtime/design_2_xlconcat_1_0_stub.v:6]
INFO: [Synth 8-256] done synthesizing module 'design_2_xlconcat_1_0' (4#1) [/afs/ece.cmu.edu/usr/dworpell/project_12/project_12.runs/synth_1/.Xil/Vivado-21681-liberty.andrew.cmu.edu/realtime/design_2_xlconcat_1_0_stub.v:6]
INFO: [Synth 8-638] synthesizing module 'design_2_xlconstant_0_0' [/afs/ece.cmu.edu/usr/dworpell/project_12/project_12.runs/synth_1/.Xil/Vivado-21681-liberty.andrew.cmu.edu/realtime/design_2_xlconstant_0_0_stub.v:6]
INFO: [Synth 8-256] done synthesizing module 'design_2_xlconstant_0_0' (5#1) [/afs/ece.cmu.edu/usr/dworpell/project_12/project_12.runs/synth_1/.Xil/Vivado-21681-liberty.andrew.cmu.edu/realtime/design_2_xlconstant_0_0_stub.v:6]
INFO: [Synth 8-638] synthesizing module 'design_2_xlslice_0_0' [/afs/ece.cmu.edu/usr/dworpell/project_12/project_12.runs/synth_1/.Xil/Vivado-21681-liberty.andrew.cmu.edu/realtime/design_2_xlslice_0_0_stub.v:6]
INFO: [Synth 8-256] done synthesizing module 'design_2_xlslice_0_0' (6#1) [/afs/ece.cmu.edu/usr/dworpell/project_12/project_12.runs/synth_1/.Xil/Vivado-21681-liberty.andrew.cmu.edu/realtime/design_2_xlslice_0_0_stub.v:6]
INFO: [Synth 8-256] done synthesizing module 'design_2' (7#1) [/afs/ece.cmu.edu/usr/dworpell/project_12/project_12.srcs/sources_1/bd/design_2/hdl/design_2.v:13]
INFO: [Synth 8-256] done synthesizing module 'design_2_wrapper' (8#1) [/afs/ece.cmu.edu/usr/dworpell/project_12/project_12.srcs/sources_1/bd/design_2/hdl/design_2_wrapper.v:12]
---------------------------------------------------------------------------------
Finished RTL Elaboration : Time (s): cpu = 00:00:03 ; elapsed = 00:00:03 . Memory (MB): peak = 1409.520 ; gain = 105.504 ; free physical = 21795 ; free virtual = 34042
---------------------------------------------------------------------------------

Report Check Netlist: 
+------+------------------+-------+---------+-------+------------------+
|      |Item              |Errors |Warnings |Status |Description       |
+------+------------------+-------+---------+-------+------------------+
|1     |multi_driven_nets |      0|        0|Passed |Multi driven nets |
+------+------------------+-------+---------+-------+------------------+
---------------------------------------------------------------------------------
Finished RTL Optimization Phase 1 : Time (s): cpu = 00:00:03 ; elapsed = 00:00:03 . Memory (MB): peak = 1409.520 ; gain = 105.504 ; free physical = 21795 ; free virtual = 34042
---------------------------------------------------------------------------------
INFO: [Device 21-403] Loading part xc7vx485tffg1761-2
INFO: [Project 1-570] Preparing netlist for logic optimization

Processing XDC Constraints
Initializing timing engine
Parsing XDC File [/afs/ece.cmu.edu/usr/dworpell/project_12/project_12.runs/synth_1/.Xil/Vivado-21681-liberty.andrew.cmu.edu/dcp13/design_1_clk_wiz_0_0_in_context.xdc] for cell 'design_2_i/clk_wiz_0'
Finished Parsing XDC File [/afs/ece.cmu.edu/usr/dworpell/project_12/project_12.runs/synth_1/.Xil/Vivado-21681-liberty.andrew.cmu.edu/dcp13/design_1_clk_wiz_0_0_in_context.xdc] for cell 'design_2_i/clk_wiz_0'
Parsing XDC File [/afs/ece.cmu.edu/usr/dworpell/project_12/project_12.runs/synth_1/.Xil/Vivado-21681-liberty.andrew.cmu.edu/dcp15/design_2_xlconstant_0_0_in_context.xdc] for cell 'design_2_i/xlconstant_0'
Finished Parsing XDC File [/afs/ece.cmu.edu/usr/dworpell/project_12/project_12.runs/synth_1/.Xil/Vivado-21681-liberty.andrew.cmu.edu/dcp15/design_2_xlconstant_0_0_in_context.xdc] for cell 'design_2_i/xlconstant_0'
Parsing XDC File [/afs/ece.cmu.edu/usr/dworpell/project_12/project_12.runs/synth_1/.Xil/Vivado-21681-liberty.andrew.cmu.edu/dcp17/design_2_xlconcat_0_1_in_context.xdc] for cell 'design_2_i/xlconcat_0'
Finished Parsing XDC File [/afs/ece.cmu.edu/usr/dworpell/project_12/project_12.runs/synth_1/.Xil/Vivado-21681-liberty.andrew.cmu.edu/dcp17/design_2_xlconcat_0_1_in_context.xdc] for cell 'design_2_i/xlconcat_0'
Parsing XDC File [/afs/ece.cmu.edu/usr/dworpell/project_12/project_12.runs/synth_1/.Xil/Vivado-21681-liberty.andrew.cmu.edu/dcp19/design_2_WaitForInput_0_1_in_context.xdc] for cell 'design_2_i/WaitForInput_0'
Finished Parsing XDC File [/afs/ece.cmu.edu/usr/dworpell/project_12/project_12.runs/synth_1/.Xil/Vivado-21681-liberty.andrew.cmu.edu/dcp19/design_2_WaitForInput_0_1_in_context.xdc] for cell 'design_2_i/WaitForInput_0'
Parsing XDC File [/afs/ece.cmu.edu/usr/dworpell/project_12/project_12.runs/synth_1/.Xil/Vivado-21681-liberty.andrew.cmu.edu/dcp21/design_2_xlslice_0_0_in_context.xdc] for cell 'design_2_i/xlslice_0'
Finished Parsing XDC File [/afs/ece.cmu.edu/usr/dworpell/project_12/project_12.runs/synth_1/.Xil/Vivado-21681-liberty.andrew.cmu.edu/dcp21/design_2_xlslice_0_0_in_context.xdc] for cell 'design_2_i/xlslice_0'
Parsing XDC File [/afs/ece.cmu.edu/usr/dworpell/project_12/project_12.runs/synth_1/.Xil/Vivado-21681-liberty.andrew.cmu.edu/dcp23/design_2_xlconcat_0_1_in_context.xdc] for cell 'design_2_i/xlconcat_1'
Finished Parsing XDC File [/afs/ece.cmu.edu/usr/dworpell/project_12/project_12.runs/synth_1/.Xil/Vivado-21681-liberty.andrew.cmu.edu/dcp23/design_2_xlconcat_0_1_in_context.xdc] for cell 'design_2_i/xlconcat_1'
Parsing XDC File [/afs/ece.cmu.edu/usr/dworpell/project_11/project_11.srcs/constrs_1/new/cosntrats.xdc]
WARNING: [Vivado 12-584] No ports matched 'CPU_RESET'. [/afs/ece.cmu.edu/usr/dworpell/project_11/project_11.srcs/constrs_1/new/cosntrats.xdc:21]
WARNING: [Vivado 12-584] No ports matched 'CPU_RESET'. [/afs/ece.cmu.edu/usr/dworpell/project_11/project_11.srcs/constrs_1/new/cosntrats.xdc:22]
WARNING: [Vivado 12-584] No ports matched 'GPIO_SW_C'. [/afs/ece.cmu.edu/usr/dworpell/project_11/project_11.srcs/constrs_1/new/cosntrats.xdc:27]
WARNING: [Vivado 12-584] No ports matched 'GPIO_SW_C'. [/afs/ece.cmu.edu/usr/dworpell/project_11/project_11.srcs/constrs_1/new/cosntrats.xdc:28]
WARNING: [Vivado 12-584] No ports matched 'GPIO_SW_E'. [/afs/ece.cmu.edu/usr/dworpell/project_11/project_11.srcs/constrs_1/new/cosntrats.xdc:29]
WARNING: [Vivado 12-584] No ports matched 'GPIO_SW_E'. [/afs/ece.cmu.edu/usr/dworpell/project_11/project_11.srcs/constrs_1/new/cosntrats.xdc:30]
WARNING: [Vivado 12-584] No ports matched 'GPIO_SW_W'. [/afs/ece.cmu.edu/usr/dworpell/project_11/project_11.srcs/constrs_1/new/cosntrats.xdc:31]
WARNING: [Vivado 12-584] No ports matched 'GPIO_SW_W'. [/afs/ece.cmu.edu/usr/dworpell/project_11/project_11.srcs/constrs_1/new/cosntrats.xdc:32]
WARNING: [Vivado 12-584] No ports matched 'USB_UART_RX'. [/afs/ece.cmu.edu/usr/dworpell/project_11/project_11.srcs/constrs_1/new/cosntrats.xdc:41]
WARNING: [Vivado 12-584] No ports matched 'USB_UART_RX'. [/afs/ece.cmu.edu/usr/dworpell/project_11/project_11.srcs/constrs_1/new/cosntrats.xdc:42]
WARNING: [Vivado 12-584] No ports matched 'USB_UART_TX'. [/afs/ece.cmu.edu/usr/dworpell/project_11/project_11.srcs/constrs_1/new/cosntrats.xdc:43]
WARNING: [Vivado 12-584] No ports matched 'USB_UART_TX'. [/afs/ece.cmu.edu/usr/dworpell/project_11/project_11.srcs/constrs_1/new/cosntrats.xdc:44]
WARNING: [Vivado 12-584] No ports matched 'USB_UART_RTS'. [/afs/ece.cmu.edu/usr/dworpell/project_11/project_11.srcs/constrs_1/new/cosntrats.xdc:45]
WARNING: [Vivado 12-584] No ports matched 'USB_UART_RTS'. [/afs/ece.cmu.edu/usr/dworpell/project_11/project_11.srcs/constrs_1/new/cosntrats.xdc:46]
WARNING: [Vivado 12-584] No ports matched 'USB_UART_CTS'. [/afs/ece.cmu.edu/usr/dworpell/project_11/project_11.srcs/constrs_1/new/cosntrats.xdc:47]
WARNING: [Vivado 12-584] No ports matched 'USB_UART_CTS'. [/afs/ece.cmu.edu/usr/dworpell/project_11/project_11.srcs/constrs_1/new/cosntrats.xdc:48]
Finished Parsing XDC File [/afs/ece.cmu.edu/usr/dworpell/project_11/project_11.srcs/constrs_1/new/cosntrats.xdc]
WARNING: [Project 1-498] One or more constraints failed evaluation while reading constraint file [/afs/ece.cmu.edu/usr/dworpell/project_11/project_11.srcs/constrs_1/new/cosntrats.xdc] and the design contains unresolved black boxes. These constraints will be read post-synthesis (as long as their source constraint file is marked as used_in_implementation) and should be applied correctly then. You should review the constraints listed in the file [.Xil/design_2_wrapper_propImpl.xdc] and check the run log file to verify that these constraints were correctly applied.
INFO: [Project 1-236] Implementation specific constraints were found while reading constraint file [/afs/ece.cmu.edu/usr/dworpell/project_11/project_11.srcs/constrs_1/new/cosntrats.xdc]. These constraints will be ignored for synthesis but will be used in implementation. Impacted constraints are listed in the file [.Xil/design_2_wrapper_propImpl.xdc].
Resolution: To avoid this warning, move constraints listed in [.Xil/design_2_wrapper_propImpl.xdc] to another XDC file and exclude this new file from synthesis with the used_in_synthesis property (File Properties dialog in GUI) and re-run elaboration/synthesis.
Parsing XDC File [/afs/ece.cmu.edu/usr/dworpell/project_12/project_12.runs/synth_1/dont_touch.xdc]
Finished Parsing XDC File [/afs/ece.cmu.edu/usr/dworpell/project_12/project_12.runs/synth_1/dont_touch.xdc]
Completed Processing XDC Constraints

INFO: [Project 1-111] Unisim Transformation Summary:
No Unisim elements were transformed.

Constraint Validation Runtime : Time (s): cpu = 00:00:00 ; elapsed = 00:00:00.01 . Memory (MB): peak = 1842.438 ; gain = 0.004 ; free physical = 21394 ; free virtual = 33641
WARNING: [Timing 38-316] Clock period '10.000' specified during out-of-context synthesis of instance 'design_2_i/WaitForInput_0' at clock pin 'ap_clk' is different from the actual clock period '5.000', this can lead to different synthesis results.
---------------------------------------------------------------------------------
Finished Constraint Validation : Time (s): cpu = 00:00:14 ; elapsed = 00:00:17 . Memory (MB): peak = 1842.438 ; gain = 538.422 ; free physical = 21498 ; free virtual = 33746
---------------------------------------------------------------------------------
---------------------------------------------------------------------------------
Start Loading Part and Timing Information
---------------------------------------------------------------------------------
Loading part: xc7vx485tffg1761-2
---------------------------------------------------------------------------------
Finished Loading Part and Timing Information : Time (s): cpu = 00:00:14 ; elapsed = 00:00:17 . Memory (MB): peak = 1842.438 ; gain = 538.422 ; free physical = 21498 ; free virtual = 33746
---------------------------------------------------------------------------------
---------------------------------------------------------------------------------
Start Applying 'set_property' XDC Constraints
---------------------------------------------------------------------------------
Applied set_property IO_BUFFER_TYPE = NONE for SYSCLK_N. (constraint file  /afs/ece.cmu.edu/usr/dworpell/project_12/project_12.runs/synth_1/.Xil/Vivado-21681-liberty.andrew.cmu.edu/dcp13/design_1_clk_wiz_0_0_in_context.xdc, line 3).
Applied set_property CLOCK_BUFFER_TYPE = NONE for SYSCLK_N. (constraint file  /afs/ece.cmu.edu/usr/dworpell/project_12/project_12.runs/synth_1/.Xil/Vivado-21681-liberty.andrew.cmu.edu/dcp13/design_1_clk_wiz_0_0_in_context.xdc, line 4).
Applied set_property IO_BUFFER_TYPE = NONE for SYSCLK_P. (constraint file  /afs/ece.cmu.edu/usr/dworpell/project_12/project_12.runs/synth_1/.Xil/Vivado-21681-liberty.andrew.cmu.edu/dcp13/design_1_clk_wiz_0_0_in_context.xdc, line 5).
Applied set_property CLOCK_BUFFER_TYPE = NONE for SYSCLK_P. (constraint file  /afs/ece.cmu.edu/usr/dworpell/project_12/project_12.runs/synth_1/.Xil/Vivado-21681-liberty.andrew.cmu.edu/dcp13/design_1_clk_wiz_0_0_in_context.xdc, line 6).
Applied set_property DONT_TOUCH = true for design_2_i. (constraint file  auto generated constraint, line ).
Applied set_property DONT_TOUCH = true for design_2_i/WaitForInput_0. (constraint file  auto generated constraint, line ).
Applied set_property DONT_TOUCH = true for design_2_i/clk_wiz_0. (constraint file  auto generated constraint, line ).
Applied set_property DONT_TOUCH = true for design_2_i/xlconcat_0. (constraint file  auto generated constraint, line ).
Applied set_property DONT_TOUCH = true for design_2_i/xlconcat_1. (constraint file  auto generated constraint, line ).
Applied set_property DONT_TOUCH = true for design_2_i/xlconstant_0. (constraint file  auto generated constraint, line ).
Applied set_property DONT_TOUCH = true for design_2_i/xlslice_0. (constraint file  auto generated constraint, line ).
---------------------------------------------------------------------------------
Finished applying 'set_property' XDC Constraints : Time (s): cpu = 00:00:14 ; elapsed = 00:00:17 . Memory (MB): peak = 1842.438 ; gain = 538.422 ; free physical = 21499 ; free virtual = 33747
---------------------------------------------------------------------------------
---------------------------------------------------------------------------------
Finished RTL Optimization Phase 2 : Time (s): cpu = 00:00:14 ; elapsed = 00:00:17 . Memory (MB): peak = 1842.438 ; gain = 538.422 ; free physical = 21499 ; free virtual = 33747
---------------------------------------------------------------------------------

Report RTL Partitions: 
+-+--------------+------------+----------+
| |RTL Partition |Replication |Instances |
+-+--------------+------------+----------+
+-+--------------+------------+----------+
---------------------------------------------------------------------------------
Start RTL Component Statistics 
---------------------------------------------------------------------------------
Detailed RTL Component Info : 
---------------------------------------------------------------------------------
Finished RTL Component Statistics 
---------------------------------------------------------------------------------
---------------------------------------------------------------------------------
Start RTL Hierarchical Component Statistics 
---------------------------------------------------------------------------------
Hierarchical RTL Component report 
---------------------------------------------------------------------------------
Finished RTL Hierarchical Component Statistics
---------------------------------------------------------------------------------
---------------------------------------------------------------------------------
Start Part Resource Summary
---------------------------------------------------------------------------------
Part Resources:
DSPs: 2800 (col length:140)
BRAMs: 2060 (col length: RAMB18 140 RAMB36 70)
---------------------------------------------------------------------------------
Finished Part Resource Summary
---------------------------------------------------------------------------------
---------------------------------------------------------------------------------
Start Cross Boundary and Area Optimization
---------------------------------------------------------------------------------
---------------------------------------------------------------------------------
Finished Cross Boundary and Area Optimization : Time (s): cpu = 00:00:14 ; elapsed = 00:00:17 . Memory (MB): peak = 1842.438 ; gain = 538.422 ; free physical = 21490 ; free virtual = 33737
---------------------------------------------------------------------------------

Report RTL Partitions: 
+-+--------------+------------+----------+
| |RTL Partition |Replication |Instances |
+-+--------------+------------+----------+
+-+--------------+------------+----------+
---------------------------------------------------------------------------------
Start Applying XDC Timing Constraints
---------------------------------------------------------------------------------
INFO: [Synth 8-5578] Moved timing constraint from pin 'design_2_i/clk_wiz_0/clk_out1' to pin 'design_2_i/clk_wiz_0/bbstub_clk_out1/O'
INFO: [Synth 8-5819] Moved 1 constraints on hierarchical pins to their respective driving/loading pins
---------------------------------------------------------------------------------
Finished Applying XDC Timing Constraints : Time (s): cpu = 00:00:18 ; elapsed = 00:00:21 . Memory (MB): peak = 1842.438 ; gain = 538.422 ; free physical = 21366 ; free virtual = 33613
---------------------------------------------------------------------------------
---------------------------------------------------------------------------------
Start Timing Optimization
---------------------------------------------------------------------------------
---------------------------------------------------------------------------------
Finished Timing Optimization : Time (s): cpu = 00:00:18 ; elapsed = 00:00:21 . Memory (MB): peak = 1842.438 ; gain = 538.422 ; free physical = 21366 ; free virtual = 33613
---------------------------------------------------------------------------------

Report RTL Partitions: 
+-+--------------+------------+----------+
| |RTL Partition |Replication |Instances |
+-+--------------+------------+----------+
+-+--------------+------------+----------+
---------------------------------------------------------------------------------
Start Technology Mapping
---------------------------------------------------------------------------------
---------------------------------------------------------------------------------
Finished Technology Mapping : Time (s): cpu = 00:00:18 ; elapsed = 00:00:21 . Memory (MB): peak = 1842.438 ; gain = 538.422 ; free physical = 21364 ; free virtual = 33612
---------------------------------------------------------------------------------

Report RTL Partitions: 
+-+--------------+------------+----------+
| |RTL Partition |Replication |Instances |
+-+--------------+------------+----------+
+-+--------------+------------+----------+
---------------------------------------------------------------------------------
Start IO Insertion
---------------------------------------------------------------------------------
---------------------------------------------------------------------------------
Start Flattening Before IO Insertion
---------------------------------------------------------------------------------
---------------------------------------------------------------------------------
Finished Flattening Before IO Insertion
---------------------------------------------------------------------------------
---------------------------------------------------------------------------------
Start Final Netlist Cleanup
---------------------------------------------------------------------------------
---------------------------------------------------------------------------------
Finished Final Netlist Cleanup
---------------------------------------------------------------------------------
---------------------------------------------------------------------------------
Finished IO Insertion : Time (s): cpu = 00:00:19 ; elapsed = 00:00:21 . Memory (MB): peak = 1842.438 ; gain = 538.422 ; free physical = 21365 ; free virtual = 33612
---------------------------------------------------------------------------------

Report Check Netlist: 
+------+------------------+-------+---------+-------+------------------+
|      |Item              |Errors |Warnings |Status |Description       |
+------+------------------+-------+---------+-------+------------------+
|1     |multi_driven_nets |      0|        0|Passed |Multi driven nets |
+------+------------------+-------+---------+-------+------------------+
---------------------------------------------------------------------------------
Start Renaming Generated Instances
---------------------------------------------------------------------------------
---------------------------------------------------------------------------------
Finished Renaming Generated Instances : Time (s): cpu = 00:00:19 ; elapsed = 00:00:21 . Memory (MB): peak = 1842.438 ; gain = 538.422 ; free physical = 21365 ; free virtual = 33612
---------------------------------------------------------------------------------

Report RTL Partitions: 
+-+--------------+------------+----------+
| |RTL Partition |Replication |Instances |
+-+--------------+------------+----------+
+-+--------------+------------+----------+
---------------------------------------------------------------------------------
Start Rebuilding User Hierarchy
---------------------------------------------------------------------------------
---------------------------------------------------------------------------------
Finished Rebuilding User Hierarchy : Time (s): cpu = 00:00:19 ; elapsed = 00:00:21 . Memory (MB): peak = 1842.438 ; gain = 538.422 ; free physical = 21365 ; free virtual = 33612
---------------------------------------------------------------------------------
---------------------------------------------------------------------------------
Start Renaming Generated Ports
---------------------------------------------------------------------------------
---------------------------------------------------------------------------------
Finished Renaming Generated Ports : Time (s): cpu = 00:00:19 ; elapsed = 00:00:21 . Memory (MB): peak = 1842.438 ; gain = 538.422 ; free physical = 21365 ; free virtual = 33612
---------------------------------------------------------------------------------
---------------------------------------------------------------------------------
Start Handling Custom Attributes
---------------------------------------------------------------------------------
---------------------------------------------------------------------------------
Finished Handling Custom Attributes : Time (s): cpu = 00:00:19 ; elapsed = 00:00:21 . Memory (MB): peak = 1842.438 ; gain = 538.422 ; free physical = 21365 ; free virtual = 33612
---------------------------------------------------------------------------------
---------------------------------------------------------------------------------
Start Renaming Generated Nets
---------------------------------------------------------------------------------
---------------------------------------------------------------------------------
Finished Renaming Generated Nets : Time (s): cpu = 00:00:19 ; elapsed = 00:00:21 . Memory (MB): peak = 1842.438 ; gain = 538.422 ; free physical = 21365 ; free virtual = 33612
---------------------------------------------------------------------------------
---------------------------------------------------------------------------------
Start Writing Synthesis Report
---------------------------------------------------------------------------------

Report BlackBoxes: 
+------+--------------------------+----------+
|      |BlackBox name             |Instances |
+------+--------------------------+----------+
|1     |design_2_WaitForInput_0_1 |         1|
|2     |design_2_clk_wiz_0_0      |         1|
|3     |design_2_xlconcat_0_1     |         1|
|4     |design_2_xlconcat_1_0     |         1|
|5     |design_2_xlconstant_0_0   |         1|
|6     |design_2_xlslice_0_0      |         1|
+------+--------------------------+----------+

Report Cell Usage: 
+------+--------------------------+------+
|      |Cell                      |Count |
+------+--------------------------+------+
|1     |design_2_WaitForInput_0_1 |     1|
|2     |design_2_clk_wiz_0_0      |     1|
|3     |design_2_xlconcat_0_1     |     1|
|4     |design_2_xlconcat_1_0     |     1|
|5     |design_2_xlconstant_0_0   |     1|
|6     |design_2_xlslice_0_0      |     1|
|7     |IBUF                      |     2|
|8     |OBUF                      |     8|
+------+--------------------------+------+

Report Instance Areas: 
+------+-------------+---------+------+
|      |Instance     |Module   |Cells |
+------+-------------+---------+------+
|1     |top          |         |    53|
|2     |  design_2_i |design_2 |    43|
+------+-------------+---------+------+
---------------------------------------------------------------------------------
Finished Writing Synthesis Report : Time (s): cpu = 00:00:19 ; elapsed = 00:00:21 . Memory (MB): peak = 1842.438 ; gain = 538.422 ; free physical = 21365 ; free virtual = 33612
---------------------------------------------------------------------------------
Synthesis finished with 0 errors, 0 critical warnings and 0 warnings.
Synthesis Optimization Runtime : Time (s): cpu = 00:00:10 ; elapsed = 00:00:11 . Memory (MB): peak = 1842.438 ; gain = 105.504 ; free physical = 21420 ; free virtual = 33667
Synthesis Optimization Complete : Time (s): cpu = 00:00:19 ; elapsed = 00:00:21 . Memory (MB): peak = 1842.438 ; gain = 538.422 ; free physical = 21421 ; free virtual = 33669
INFO: [Project 1-571] Translating synthesized netlist
INFO: [Netlist 29-17] Analyzing 2 Unisim elements for replacement
INFO: [Netlist 29-28] Unisim Transformation completed in 0 CPU seconds
INFO: [Project 1-570] Preparing netlist for logic optimization
INFO: [Opt 31-138] Pushed 0 inverter(s) to 0 load pin(s).
INFO: [Project 1-111] Unisim Transformation Summary:
No Unisim elements were transformed.

34 Infos, 21 Warnings, 0 Critical Warnings and 0 Errors encountered.
synth_design completed successfully
synth_design: Time (s): cpu = 00:00:20 ; elapsed = 00:00:23 . Memory (MB): peak = 1844.434 ; gain = 625.207 ; free physical = 21375 ; free virtual = 33623
INFO: [Common 17-1381] The checkpoint '/afs/ece.cmu.edu/usr/dworpell/project_12/project_12.runs/synth_1/design_2_wrapper.dcp' has been generated.
report_utilization: Time (s): cpu = 00:00:00.04 ; elapsed = 00:00:00.09 . Memory (MB): peak = 1844.438 ; gain = 0.000 ; free physical = 21376 ; free virtual = 33623
INFO: [Common 17-206] Exiting Vivado at Sat Oct 27 22:53:46 2018...
