
*** Running vivado
    with args -log design_1_xlslice_1_4.vds -m64 -product Vivado -mode batch -messageDb vivado.pb -notrace -source design_1_xlslice_1_4.tcl


****** Vivado v2017.2 (64-bit)
  **** SW Build 1909853 on Thu Jun 15 18:39:10 MDT 2017
  **** IP Build 1909766 on Thu Jun 15 19:58:00 MDT 2017
    ** Copyright 1986-2017 Xilinx, Inc. All Rights Reserved.

source design_1_xlslice_1_4.tcl -notrace
Starting RTL Elaboration : Time (s): cpu = 00:00:02 ; elapsed = 00:00:03 . Memory (MB): peak = 1375.016 ; gain = 74.996 ; free physical = 22821 ; free virtual = 34893
INFO: [Synth 8-638] synthesizing module 'design_1_xlslice_1_4' [/afs/ece.cmu.edu/usr/dworpell/project_12/project_12.srcs/sources_1/bd/design_1/ip/design_1_xlslice_1_4/synth/design_1_xlslice_1_4.v:57]
INFO: [Synth 8-638] synthesizing module 'xlslice_v1_0_1_xlslice' [/afs/ece.cmu.edu/usr/dworpell/project_12/project_12.srcs/sources_1/bd/design_1/ipshared/bb23/hdl/xlslice_v1_0_vl_rfs.v:13]
INFO: [Synth 8-256] done synthesizing module 'xlslice_v1_0_1_xlslice' (1#1) [/afs/ece.cmu.edu/usr/dworpell/project_12/project_12.srcs/sources_1/bd/design_1/ipshared/bb23/hdl/xlslice_v1_0_vl_rfs.v:13]
INFO: [Synth 8-256] done synthesizing module 'design_1_xlslice_1_4' (2#1) [/afs/ece.cmu.edu/usr/dworpell/project_12/project_12.srcs/sources_1/bd/design_1/ip/design_1_xlslice_1_4/synth/design_1_xlslice_1_4.v:57]
Finished RTL Elaboration : Time (s): cpu = 00:00:03 ; elapsed = 00:00:04 . Memory (MB): peak = 1415.523 ; gain = 115.504 ; free physical = 22744 ; free virtual = 34828
Finished RTL Optimization Phase 1 : Time (s): cpu = 00:00:03 ; elapsed = 00:00:04 . Memory (MB): peak = 1415.523 ; gain = 115.504 ; free physical = 22723 ; free virtual = 34808
INFO: [Device 21-403] Loading part xc7vx485tffg1761-2
Constraint Validation Runtime : Time (s): cpu = 00:00:00.01 ; elapsed = 00:00:00.02 . Memory (MB): peak = 1812.836 ; gain = 0.996 ; free physical = 21830 ; free virtual = 33917
Finished Constraint Validation : Time (s): cpu = 00:00:14 ; elapsed = 00:00:17 . Memory (MB): peak = 1812.836 ; gain = 512.816 ; free physical = 21860 ; free virtual = 33946
Finished Loading Part and Timing Information : Time (s): cpu = 00:00:14 ; elapsed = 00:00:17 . Memory (MB): peak = 1812.836 ; gain = 512.816 ; free physical = 21860 ; free virtual = 33946
Finished applying 'set_property' XDC Constraints : Time (s): cpu = 00:00:14 ; elapsed = 00:00:17 . Memory (MB): peak = 1812.836 ; gain = 512.816 ; free physical = 21861 ; free virtual = 33948
Finished RTL Optimization Phase 2 : Time (s): cpu = 00:00:14 ; elapsed = 00:00:17 . Memory (MB): peak = 1812.836 ; gain = 512.816 ; free physical = 21861 ; free virtual = 33948
Finished Cross Boundary and Area Optimization : Time (s): cpu = 00:00:15 ; elapsed = 00:00:17 . Memory (MB): peak = 1812.836 ; gain = 512.816 ; free physical = 21860 ; free virtual = 33947
Finished Applying XDC Timing Constraints : Time (s): cpu = 00:00:19 ; elapsed = 00:00:21 . Memory (MB): peak = 1814.824 ; gain = 514.805 ; free physical = 21698 ; free virtual = 33786
Finished Timing Optimization : Time (s): cpu = 00:00:19 ; elapsed = 00:00:21 . Memory (MB): peak = 1814.824 ; gain = 514.805 ; free physical = 21698 ; free virtual = 33786
Finished Technology Mapping : Time (s): cpu = 00:00:19 ; elapsed = 00:00:21 . Memory (MB): peak = 1824.844 ; gain = 524.824 ; free physical = 21697 ; free virtual = 33785
Finished IO Insertion : Time (s): cpu = 00:00:19 ; elapsed = 00:00:22 . Memory (MB): peak = 1824.844 ; gain = 524.824 ; free physical = 21693 ; free virtual = 33781
Finished Renaming Generated Instances : Time (s): cpu = 00:00:19 ; elapsed = 00:00:22 . Memory (MB): peak = 1824.844 ; gain = 524.824 ; free physical = 21693 ; free virtual = 33781
Finished Rebuilding User Hierarchy : Time (s): cpu = 00:00:19 ; elapsed = 00:00:22 . Memory (MB): peak = 1824.844 ; gain = 524.824 ; free physical = 21693 ; free virtual = 33781
Finished Renaming Generated Ports : Time (s): cpu = 00:00:19 ; elapsed = 00:00:22 . Memory (MB): peak = 1824.844 ; gain = 524.824 ; free physical = 21693 ; free virtual = 33781
Finished Handling Custom Attributes : Time (s): cpu = 00:00:19 ; elapsed = 00:00:22 . Memory (MB): peak = 1824.844 ; gain = 524.824 ; free physical = 21693 ; free virtual = 33781
Finished Renaming Generated Nets : Time (s): cpu = 00:00:19 ; elapsed = 00:00:22 . Memory (MB): peak = 1824.844 ; gain = 524.824 ; free physical = 21693 ; free virtual = 33781

Report Cell Usage: 
+-+-----+------+
| |Cell |Count |
+-+-----+------+
+-+-----+------+
Finished Writing Synthesis Report : Time (s): cpu = 00:00:19 ; elapsed = 00:00:22 . Memory (MB): peak = 1824.844 ; gain = 524.824 ; free physical = 21693 ; free virtual = 33781
synth_design: Time (s): cpu = 00:00:20 ; elapsed = 00:00:23 . Memory (MB): peak = 1837.848 ; gain = 616.617 ; free physical = 21641 ; free virtual = 33734
