MIG: 00:52:18 : Running customizer.xit
MIG: 00:52:18 : ################# RUNNING MIG INTERACTIVE ###################
MIG: 00:52:18 : Writing IN file for 'mig_7series_0'...compDirPath: /usr/local/xilinx/Vivado-2017.2/Vivado/2017.2/data/ip/xilinx/mig_7series_v4_0... instDirPath: /afs/ece.cmu.edu/usr/dworpell/.Xil/Vivado-7317-liberty.andrew.cmu.edu/coregen/mig_7series_0
MIG: 00:52:18 : synp_flow:  -- synthesis_mode: Other
MIG: 00:52:18 : outputDirectory: /afs/ece.cmu.edu/usr/dworpell/.Xil/Vivado-7317-liberty.andrew.cmu.edu/coregen/mig_7series_0/_tmp/
MIG: 00:52:18 : vivado_mode: xpg_pa
MIG: 00:52:18 :  locked false  
MIG: 00:52:18 : HDL Language: Verilog
MIG: 00:52:18 : compInfo: true
MIG: 00:52:18 : relative mig path: coregen/ip/xilinx/other/com/xilinx/ip/mig_7series_v4_0/bin/lin64/mig
MIG: 00:52:18 : xilinx_path: /usr/local/xilinx/Vivado-2017.2/Vivado/2017.2/ids_lite/ISE
MIG: 00:52:18 : I am in catch area
MIG: 00:52:18 : Running /usr/local/xilinx/Vivado-2017.2/Vivado/2017.2/ids_lite/ISE/coregen/ip/xilinx/other/com/xilinx/ip/mig_7series_v4_0/bin/lin64/mig -cg_exc_inp /afs/ece.cmu.edu/usr/dworpell/.Xil/Vivado-7317-liberty.andrew.cmu.edu/coregen/mig_7series_0/xil_txt.in -cg_exc_out /afs/ece.cmu.edu/usr/dworpell/.Xil/Vivado-7317-liberty.andrew.cmu.edu/coregen/mig_7series_0/xil_txt.out ... 
MIG: 00:57:55 : Prasad before: xmlPropertyPrj --  .prj
MIG: 00:57:55 : Prasad After: xmlPropertyPrj -- mig_a.prj
MIG: 00:57:55 : XML_INPUT_FILE: /afs/ece.cmu.edu/usr/dworpell/.Xil/Vivado-7317-liberty.andrew.cmu.edu/coregen/mig_7series_0/mig_a.prj
MIG: 00:57:55 : Component_Name: mig_7series_0
MIG: 00:57:55 : Moving mig_7series_0 ...
MIG: 00:57:55 : Moving mig_7series_0_xmdf.tcl ...
MIG: 00:57:55 : Moving mig_7series_0.veo ...
MIG: 00:57:55 : Sending back 0
MIG: 00:57:57 : xml_input_file: mig_a.prj
MIG: 00:57:57 : Absolute path of xml_input_file: /afs/ece.cmu.edu/usr/dworpell/project_12/project_12.srcs/sources_1/ip/mig_7series_0/mig_a.prj
MIG: 00:57:57 : xml_input_file: mig_a.prj
MIG: 00:57:57 : Absolute path of xml_input_file: /afs/ece.cmu.edu/usr/dworpell/project_12/project_12.srcs/sources_1/ip/mig_7series_0/mig_a.prj
MIG: 00:57:57 : In updateAllModelParams
MIG: 00:57:57 : IGN:     <ModuleName>mig_7series_0</ModuleName> <==>     <ModuleName>mig_7series_0</ModuleName> 
MIG: 00:57:57 : IGN:         <InputClkFreq>400</InputClkFreq> <==>         <InputClkFreq>400</InputClkFreq> 
MIG: 00:57:57 : XGUI hdlLanguage: Verilog
MIG: 00:57:57 : xgui vivado_mode: xpg_pa
MIG: 00:57:57 : xgui hdlLanguage: Verilog -- hdlExt: v
MIG: 00:57:57 : Reading /afs/ece.cmu.edu/usr/dworpell/project_12/project_12.srcs/sources_1/ip/mig_7series_0/mig_7series_0/user_design/rtl/mig_7series_0_mig.v ...
MIG: 00:57:58 : 1
MIG: 00:57:58 : Inside fn mem: DDR3
MIG: 00:57:58 : detect_uiclk: 100000000
MIG: 00:57:58 : cntrl:  memtype: DDR3
MIG: 00:57:58 : 800
MIG: 00:57:58 :  MMCM_VCO single ctrl param_name: MMCM_VCO --  possibleMaxVcoVal: 800 
MIG: 00:57:58 : 
MIG: 00:57:58 : 
MIG: 00:57:58 : 100000000
MIG: 00:57:58 : 
MIG: 00:57:58 :  polarity_value: 0
MIG: 00:57:58 : ACTIVE_HIGH
MIG: 00:57:58 : 
MIG: 00:57:58 : cntrl:  memtype: DDR3
MIG: 00:57:58 : 
MIG: 00:57:58 :  Valid Param: DDR3_BANK_WIDTH ==> 3
MIG: 00:57:58 : 
MIG: 00:57:58 :  Valid Param: DDR3_CK_WIDTH ==> 1
MIG: 00:57:58 :  Invalid Param: DDR3_COL_WIDTH ==> 10
MIG: 00:57:58 : 
MIG: 00:57:58 :  Valid Param: DDR3_CS_WIDTH ==> 1
MIG: 00:57:58 : 
MIG: 00:57:58 :  Valid Param: DDR3_nCS_PER_RANK ==> 1
MIG: 00:57:58 : 
MIG: 00:57:58 :  Valid Param: DDR3_CKE_WIDTH ==> 1
MIG: 00:57:58 :  Invalid Param: DDR3_DATA_BUF_ADDR_WIDTH ==> 5
MIG: 00:57:58 :  Invalid Param: DDR3_DQ_CNT_WIDTH ==> 6
MIG: 00:57:58 :  Invalid Param: DDR3_DQ_PER_DM ==> 8
MIG: 00:57:58 : 8
MIG: 00:57:58 :  Valid Param: DDR3_DM_WIDTH ==> 8
MIG: 00:57:58 : 64
MIG: 00:57:58 :  Valid Param: DDR3_DQ_WIDTH ==> 64
MIG: 00:57:58 : 8
MIG: 00:57:58 :  Valid Param: DDR3_DQS_WIDTH ==> 8
MIG: 00:57:58 : 3
MIG: 00:57:58 :  Valid Param: DDR3_DQS_CNT_WIDTH ==> 3
MIG: 00:57:58 :  Invalid Param: DDR3_DRAM_WIDTH ==> 8
MIG: 00:57:58 : 
MIG: 00:57:58 :  Valid Param: ECC ==> OFF
MIG: 00:57:58 : 64
MIG: 00:57:58 :  Valid Param: DDR3_DATA_WIDTH ==> 64
MIG: 00:57:58 :  Invalid Param: ECC_TEST ==> "OFF"
MIG: 00:57:58 :  Invalid Param: DDR3_PAYLOAD_WIDTH ==> (ECC_TEST == "OFF") ? DATA_WIDTH : DQ_WIDTH
MIG: 00:57:58 :  Invalid Param: DDR3_MEM_ADDR_ORDER ==> "BANK_ROW_COLUMN"
MIG: 00:57:58 :  Invalid Param: DDR3_nBANK_MACHS ==> 4
MIG: 00:57:58 :  Invalid Param: DDR3_RANKS ==> 1
MIG: 00:57:58 : 
MIG: 00:57:58 :  Valid Param: DDR3_ODT_WIDTH ==> 1
MIG: 00:57:58 : 
MIG: 00:57:58 :  Valid Param: DDR3_ROW_WIDTH ==> 14
MIG: 00:57:58 : 28
MIG: 00:57:58 :  Valid Param: DDR3_ADDR_WIDTH ==> 28
MIG: 00:57:58 : 
MIG: 00:57:58 :  Valid Param: DDR3_USE_CS_PORT ==> 1
MIG: 00:57:58 : 
MIG: 00:57:58 :  Valid Param: DDR3_USE_DM_PORT ==> 1
MIG: 00:57:58 : 
MIG: 00:57:58 :  Valid Param: DDR3_USE_ODT_PORT ==> 1
MIG: 00:57:58 :  Invalid Param: DDR3_IS_CLK_SHARED ==> "FALSE"
MIG: 00:57:58 :  Invalid Param: DDR3_PHY_CONTROL_MASTER_BANK ==> 1
MIG: 00:57:58 :  Invalid Param: DDR3_MEM_DENSITY ==> "1Gb"
MIG: 00:57:58 :  Invalid Param: DDR3_MEM_SPEEDGRADE ==> "125"
MIG: 00:57:58 :  Invalid Param: DDR3_MEM_DEVICE_WIDTH ==> 8
MIG: 00:57:58 :  Invalid Param: DDR3_AL ==> "0"
MIG: 00:57:58 :  Invalid Param: DDR3_nAL ==> 0
MIG: 00:57:58 :  Invalid Param: DDR3_BURST_MODE ==> "8"
MIG: 00:57:58 :  Invalid Param: DDR3_BURST_TYPE ==> "SEQ"
MIG: 00:57:58 :  Invalid Param: DDR3_CL ==> 6
MIG: 00:57:58 :  Invalid Param: DDR3_CWL ==> 5
MIG: 00:57:58 :  Invalid Param: DDR3_OUTPUT_DRV ==> "HIGH"
MIG: 00:57:58 :  Invalid Param: DDR3_RTT_NOM ==> "60"
MIG: 00:57:58 :  Invalid Param: DDR3_RTT_WR ==> "OFF"
MIG: 00:57:58 :  Invalid Param: DDR3_ADDR_CMD_MODE ==> "1T"
MIG: 00:57:58 : 
MIG: 00:57:58 :  Valid Param: DDR3_REG_CTRL ==> OFF
MIG: 00:57:58 :  Invalid Param: DDR3_CA_MIRROR ==> "OFF"
MIG: 00:57:58 :  Invalid Param: DDR3_VDD_OP_VOLT ==> "150"
MIG: 00:57:58 :  Invalid Param: DDR3_CLKIN_PERIOD ==> 2500
MIG: 00:57:58 :  Invalid Param: DDR3_CLKFBOUT_MULT ==> 2
MIG: 00:57:58 :  Invalid Param: DDR3_DIVCLK_DIVIDE ==> 1
MIG: 00:57:58 :  Invalid Param: DDR3_CLKOUT0_PHASE ==> 315.0
MIG: 00:57:58 :  Invalid Param: DDR3_CLKOUT0_DIVIDE ==> 1
MIG: 00:57:58 :  Invalid Param: DDR3_CLKOUT1_DIVIDE ==> 2
MIG: 00:57:58 :  Invalid Param: DDR3_CLKOUT2_DIVIDE ==> 32
MIG: 00:57:58 :  Invalid Param: DDR3_CLKOUT3_DIVIDE ==> 8
MIG: 00:57:58 :  Invalid Param: DDR3_MMCM_VCO ==> 800
MIG: 00:57:58 :  Invalid Param: DDR3_MMCM_MULT_F ==> 8
MIG: 00:57:58 :  Invalid Param: DDR3_MMCM_DIVCLK_DIVIDE ==> 1
MIG: 00:57:58 :  Invalid Param: DDR3_tCKE ==> 5000
MIG: 00:57:58 :  Invalid Param: DDR3_tFAW ==> 30000
MIG: 00:57:58 :  Invalid Param: DDR3_tPRDI ==> 1_000_000
MIG: 00:57:58 :  Invalid Param: DDR3_tRAS ==> 35000
MIG: 00:57:58 :  Invalid Param: DDR3_tRCD ==> 13750
MIG: 00:57:58 :  Invalid Param: DDR3_tREFI ==> 7800000
MIG: 00:57:58 :  Invalid Param: DDR3_tRFC ==> 110000
MIG: 00:57:58 :  Invalid Param: DDR3_tRP ==> 13750
MIG: 00:57:58 :  Invalid Param: DDR3_tRRD ==> 6000
MIG: 00:57:58 :  Invalid Param: DDR3_tRTP ==> 7500
MIG: 00:57:58 :  Invalid Param: DDR3_tWTR ==> 7500
MIG: 00:57:58 :  Invalid Param: DDR3_tZQI ==> 128_000_000
MIG: 00:57:58 :  Invalid Param: DDR3_tZQCS ==> 64
MIG: 00:57:58 :  Invalid Param: DDR3_SIM_BYPASS_INIT_CAL ==> "OFF"
MIG: 00:57:58 :  Invalid Param: DDR3_SIMULATION ==> "FALSE"
MIG: 00:57:58 :  Invalid Param: DDR3_BYTE_LANES_B0 ==> 4'b1111
MIG: 00:57:58 :  Invalid Param: DDR3_BYTE_LANES_B1 ==> 4'b1110
MIG: 00:57:58 :  Invalid Param: DDR3_BYTE_LANES_B2 ==> 4'b1111
MIG: 00:57:58 :  Invalid Param: DDR3_BYTE_LANES_B3 ==> 4'b0000
MIG: 00:57:58 :  Invalid Param: DDR3_BYTE_LANES_B4 ==> 4'b0000
MIG: 00:57:58 :  Invalid Param: DDR3_DATA_CTL_B0 ==> 4'b1111
MIG: 00:57:58 :  Invalid Param: DDR3_DATA_CTL_B1 ==> 4'b0000
MIG: 00:57:58 :  Invalid Param: DDR3_DATA_CTL_B2 ==> 4'b1111
MIG: 00:57:58 :  Invalid Param: DDR3_DATA_CTL_B3 ==> 4'b0000
MIG: 00:57:58 :  Invalid Param: DDR3_DATA_CTL_B4 ==> 4'b0000
MIG: 00:57:58 :  Invalid Param: DDR3_PHY_0_BITLANES ==> 48'h3FE_3FE_3FE_2FF
MIG: 00:57:58 :  Invalid Param: DDR3_PHY_1_BITLANES ==> 48'h3FF_FFE_C00_000
MIG: 00:57:58 :  Invalid Param: DDR3_PHY_2_BITLANES ==> 48'h3FE_3FE_3FE_2FF
MIG: 00:57:58 :  Invalid Param: DDR3_CK_BYTE_MAP ==> 144'h00_00_00_00_00_00_00_00_00_00_00_00_00_00_00_00_00_13
MIG: 00:57:58 :  Invalid Param: DDR3_ADDR_MAP ==> 192'h000_000_139_138_137_136_135_134_133_132_131_130_129_128_127_126
MIG: 00:57:58 :  Invalid Param: DDR3_BANK_MAP ==> 36'h12B_12A_125
MIG: 00:57:58 :  Invalid Param: DDR3_CAS_MAP ==> 12'h123
MIG: 00:57:58 :  Invalid Param: DDR3_CKE_ODT_BYTE_MAP ==> 8'h00
MIG: 00:57:58 :  Invalid Param: DDR3_CKE_MAP ==> 96'h000_000_000_000_000_000_000_11B
MIG: 00:57:58 :  Invalid Param: DDR3_ODT_MAP ==> 96'h000_000_000_000_000_000_000_11A
MIG: 00:57:58 :  Invalid Param: DDR3_CS_MAP ==> 120'h000_000_000_000_000_000_000_000_000_121
MIG: 00:57:58 :  Invalid Param: DDR3_PARITY_MAP ==> 12'h000
MIG: 00:57:58 :  Invalid Param: DDR3_RAS_MAP ==> 12'h124
MIG: 00:57:58 :  Invalid Param: DDR3_WE_MAP ==> 12'h122
MIG: 00:57:58 :  Invalid Param: DDR3_DQS_BYTE_MAP ==> 144'h00_00_00_00_00_00_00_00_00_00_20_21_22_23_00_01_02_03
MIG: 00:57:58 :  Invalid Param: DDR3_DATA0_MAP ==> 96'h031_032_033_034_035_036_037_038
MIG: 00:57:58 :  Invalid Param: DDR3_DATA1_MAP ==> 96'h021_022_023_024_025_026_027_028
MIG: 00:57:58 :  Invalid Param: DDR3_DATA2_MAP ==> 96'h011_012_013_014_016_017_018_019
MIG: 00:57:58 :  Invalid Param: DDR3_DATA3_MAP ==> 96'h000_001_002_003_004_005_006_007
MIG: 00:57:58 :  Invalid Param: DDR3_DATA4_MAP ==> 96'h231_232_233_234_235_236_237_238
MIG: 00:57:58 :  Invalid Param: DDR3_DATA5_MAP ==> 96'h221_222_223_224_225_226_227_228
MIG: 00:57:58 :  Invalid Param: DDR3_DATA6_MAP ==> 96'h211_212_213_214_216_217_218_219
MIG: 00:57:58 :  Invalid Param: DDR3_DATA7_MAP ==> 96'h200_201_202_203_204_205_206_207
MIG: 00:57:58 :  Invalid Param: DDR3_DATA8_MAP ==> 96'h000_000_000_000_000_000_000_000
MIG: 00:57:58 :  Invalid Param: DDR3_DATA9_MAP ==> 96'h000_000_000_000_000_000_000_000
MIG: 00:57:58 :  Invalid Param: DDR3_DATA10_MAP ==> 96'h000_000_000_000_000_000_000_000
MIG: 00:57:58 :  Invalid Param: DDR3_DATA11_MAP ==> 96'h000_000_000_000_000_000_000_000
MIG: 00:57:58 :  Invalid Param: DDR3_DATA12_MAP ==> 96'h000_000_000_000_000_000_000_000
MIG: 00:57:58 :  Invalid Param: DDR3_DATA13_MAP ==> 96'h000_000_000_000_000_000_000_000
MIG: 00:57:58 :  Invalid Param: DDR3_DATA14_MAP ==> 96'h000_000_000_000_000_000_000_000
MIG: 00:57:58 :  Invalid Param: DDR3_DATA15_MAP ==> 96'h000_000_000_000_000_000_000_000
MIG: 00:57:58 :  Invalid Param: DDR3_DATA16_MAP ==> 96'h000_000_000_000_000_000_000_000
MIG: 00:57:58 :  Invalid Param: DDR3_DATA17_MAP ==> 96'h000_000_000_000_000_000_000_000
MIG: 00:57:58 :  Invalid Param: DDR3_MASK0_MAP ==> 108'h000_209_215_229_239_009_015_029_039
MIG: 00:57:58 :  Invalid Param: DDR3_MASK1_MAP ==> 108'h000_000_000_000_000_000_000_000_000
MIG: 00:57:58 :  Invalid Param: DDR3_SLOT_0_CONFIG ==> 8'b0000_0001
MIG: 00:57:58 :  Invalid Param: DDR3_SLOT_1_CONFIG ==> 8'b0000_0000
MIG: 00:57:58 :  Invalid Param: DDR3_IBUF_LPWR_MODE ==> "OFF"
MIG: 00:57:59 :  Invalid Param: DDR3_DATA_IO_IDLE_PWRDWN ==> "ON"
MIG: 00:57:59 :  Invalid Param: DDR3_BANK_TYPE ==> "HP_IO"
MIG: 00:57:59 :  Invalid Param: DDR3_DATA_IO_PRIM_TYPE ==> "HP_LP"
MIG: 00:57:59 :  Invalid Param: DDR3_CKE_ODT_AUX ==> "FALSE"
MIG: 00:57:59 :  Invalid Param: DDR3_USER_REFRESH ==> "OFF"
MIG: 00:57:59 :  Invalid Param: DDR3_WRLVL ==> "ON"
MIG: 00:57:59 :  Invalid Param: DDR3_ORDERING ==> "STRICT"
MIG: 00:57:59 :  Invalid Param: DDR3_CALIB_ROW_ADD ==> 16'h0000
MIG: 00:57:59 :  Invalid Param: DDR3_CALIB_COL_ADD ==> 12'h000
MIG: 00:57:59 :  Invalid Param: DDR3_CALIB_BA_ADD ==> 3'h0
MIG: 00:57:59 :  Invalid Param: DDR3_TCQ ==> 100
MIG: 00:57:59 :  Invalid Param: DDR3_IDELAY_ADJ ==> "OFF"
MIG: 00:57:59 :  Invalid Param: DDR3_FINE_PER_BIT ==> "OFF"
MIG: 00:57:59 :  Invalid Param: DDR3_CENTER_COMP_MODE ==> "OFF"
MIG: 00:57:59 :  Invalid Param: DDR3_PI_VAL_ADJ ==> "OFF"
MIG: 00:57:59 :  Invalid Param: DDR3_IODELAY_GRP0 ==> "MIG_7SERIES_0_IODELAY_MIG0"
MIG: 00:57:59 :  Invalid Param: DDR3_IODELAY_GRP1 ==> "MIG_7SERIES_0_IODELAY_MIG1"
MIG: 00:57:59 :  Invalid Param: DDR3_SYSCLK_TYPE ==> "DIFFERENTIAL"
MIG: 00:57:59 :  Invalid Param: DDR3_REFCLK_TYPE ==> "NO_BUFFER"
MIG: 00:57:59 :  Invalid Param: DDR3_SYS_RST_PORT ==> "FALSE"
MIG: 00:57:59 :  Invalid Param: DDR3_FPGA_SPEED_GRADE ==> 2
MIG: 00:57:59 :  Invalid Param: DDR3_CMD_PIPE_PLUS1 ==> "ON"
MIG: 00:57:59 :  Invalid Param: DDR3_DRAM_TYPE ==> "DDR3"
MIG: 00:57:59 :  Invalid Param: DDR3_CAL_WIDTH ==> "HALF"
MIG: 00:57:59 :  Invalid Param: DDR3_STARVE_LIMIT ==> 2
MIG: 00:57:59 :  Invalid Param: DDR3_REF_CLK_MMCM_IODELAY_CTRL ==> "FALSE"
MIG: 00:57:59 :  Invalid Param: DDR3_REFCLK_FREQ ==> 200.0
MIG: 00:57:59 :  Invalid Param: DDR3_DIFF_TERM_REFCLK ==> "TRUE"
MIG: 00:57:59 :  Invalid Param: DDR3_tCK ==> 2500
MIG: 00:57:59 : 4
MIG: 00:57:59 :  Valid Param: DDR3_nCK_PER_CLK ==> 4
MIG: 00:57:59 :  Invalid Param: DDR3_DIFF_TERM_SYSCLK ==> "FALSE"
MIG: 00:57:59 : 
MIG: 00:57:59 :  Valid Param: DDR3_DEBUG_PORT ==> OFF
MIG: 00:57:59 : 
MIG: 00:57:59 :  Invalid Param: DDR3_TEMP_MON_CONTROL ==> "INTERNAL"
MIG: 00:57:59 :  Invalid Param: DDR3_FPGA_VOLT_TYPE ==> "N"
MIG: 00:57:59 :  Invalid Param: DDR3_RST_ACT_LOW ==> 0
MIG: 00:57:59 : 
MIG: 00:57:59 : NOBUF
MIG: 00:57:59 : 
MIG: 00:57:59 : Same Interface
MIG: 00:58:04 : Running synthesis.xit
MIG: 00:58:04 : IGN:     <ModuleName>mig_7series_0</ModuleName> <==>     <ModuleName>mig_7series_0</ModuleName> 
MIG: 00:58:04 : IGN:         <InputClkFreq>400</InputClkFreq> <==>         <InputClkFreq>400</InputClkFreq> 
MIG: 00:58:04 : Running vlog_synth_rpr.xit
MIG: 00:58:04 : IGN:     <ModuleName>mig_7series_0</ModuleName> <==>     <ModuleName>mig_7series_0</ModuleName> 
MIG: 00:58:04 : IGN:         <InputClkFreq>400</InputClkFreq> <==>         <InputClkFreq>400</InputClkFreq> 
MIG: 00:58:04 : Running simulation.xit
MIG: 00:58:04 : IGN:     <ModuleName>mig_7series_0</ModuleName> <==>     <ModuleName>mig_7series_0</ModuleName> 
MIG: 00:58:04 : IGN:         <InputClkFreq>400</InputClkFreq> <==>         <InputClkFreq>400</InputClkFreq> 
MIG: 00:58:04 : Running vlog_sim_rpr.xit .. PRASAD DBG1
MIG: 00:58:04 : IGN:     <ModuleName>mig_7series_0</ModuleName> <==>     <ModuleName>mig_7series_0</ModuleName> 
MIG: 00:58:04 : IGN:         <InputClkFreq>400</InputClkFreq> <==>         <InputClkFreq>400</InputClkFreq> 
MIG: 00:58:04 : Running implementation.xit
MIG: 00:58:04 : IGN:     <ModuleName>mig_7series_0</ModuleName> <==>     <ModuleName>mig_7series_0</ModuleName> 
MIG: 00:58:04 : IGN:         <InputClkFreq>400</InputClkFreq> <==>         <InputClkFreq>400</InputClkFreq> 
