
*** Running vivado
    with args -log design_2_xlconcat_0_1.vds -m64 -product Vivado -mode batch -messageDb vivado.pb -notrace -source design_2_xlconcat_0_1.tcl


****** Vivado v2017.2 (64-bit)
  **** SW Build 1909853 on Thu Jun 15 18:39:10 MDT 2017
  **** IP Build 1909766 on Thu Jun 15 19:58:00 MDT 2017
    ** Copyright 1986-2017 Xilinx, Inc. All Rights Reserved.

source design_2_xlconcat_0_1.tcl -notrace
Starting RTL Elaboration : Time (s): cpu = 00:00:03 ; elapsed = 00:00:03 . Memory (MB): peak = 1367.020 ; gain = 70.996 ; free physical = 22927 ; free virtual = 34831
INFO: [Synth 8-638] synthesizing module 'design_2_xlconcat_0_1' [/afs/ece.cmu.edu/usr/dworpell/project_12/project_12.srcs/sources_1/bd/design_2/ip/design_2_xlconcat_0_1/synth/design_2_xlconcat_0_1.v:58]
INFO: [Synth 8-638] synthesizing module 'xlconcat_v2_1_1_xlconcat' [/afs/ece.cmu.edu/usr/dworpell/project_12/project_12.srcs/sources_1/bd/design_2/ipshared/73b7/hdl/xlconcat_v2_1_vl_rfs.v:14]
INFO: [Synth 8-256] done synthesizing module 'xlconcat_v2_1_1_xlconcat' (1#1) [/afs/ece.cmu.edu/usr/dworpell/project_12/project_12.srcs/sources_1/bd/design_2/ipshared/73b7/hdl/xlconcat_v2_1_vl_rfs.v:14]
INFO: [Synth 8-256] done synthesizing module 'design_2_xlconcat_0_1' (2#1) [/afs/ece.cmu.edu/usr/dworpell/project_12/project_12.srcs/sources_1/bd/design_2/ip/design_2_xlconcat_0_1/synth/design_2_xlconcat_0_1.v:58]
Finished RTL Elaboration : Time (s): cpu = 00:00:03 ; elapsed = 00:00:03 . Memory (MB): peak = 1407.527 ; gain = 111.504 ; free physical = 22955 ; free virtual = 34863
Finished RTL Optimization Phase 1 : Time (s): cpu = 00:00:03 ; elapsed = 00:00:04 . Memory (MB): peak = 1407.527 ; gain = 111.504 ; free physical = 22941 ; free virtual = 34849
INFO: [Device 21-403] Loading part xc7vx485tffg1761-2
Constraint Validation Runtime : Time (s): cpu = 00:00:00.01 ; elapsed = 00:00:00.01 . Memory (MB): peak = 1802.852 ; gain = 0.000 ; free physical = 21789 ; free virtual = 33734
Finished Constraint Validation : Time (s): cpu = 00:00:14 ; elapsed = 00:00:18 . Memory (MB): peak = 1802.852 ; gain = 506.828 ; free physical = 22016 ; free virtual = 33962
Finished Loading Part and Timing Information : Time (s): cpu = 00:00:14 ; elapsed = 00:00:18 . Memory (MB): peak = 1802.852 ; gain = 506.828 ; free physical = 22016 ; free virtual = 33962
Finished applying 'set_property' XDC Constraints : Time (s): cpu = 00:00:14 ; elapsed = 00:00:18 . Memory (MB): peak = 1802.852 ; gain = 506.828 ; free physical = 22019 ; free virtual = 33964
Finished RTL Optimization Phase 2 : Time (s): cpu = 00:00:14 ; elapsed = 00:00:18 . Memory (MB): peak = 1802.852 ; gain = 506.828 ; free physical = 22021 ; free virtual = 33967
Finished Cross Boundary and Area Optimization : Time (s): cpu = 00:00:14 ; elapsed = 00:00:18 . Memory (MB): peak = 1802.852 ; gain = 506.828 ; free physical = 22011 ; free virtual = 33971
Finished Applying XDC Timing Constraints : Time (s): cpu = 00:00:19 ; elapsed = 00:00:22 . Memory (MB): peak = 1805.836 ; gain = 509.812 ; free physical = 21649 ; free virtual = 33613
Finished Timing Optimization : Time (s): cpu = 00:00:19 ; elapsed = 00:00:22 . Memory (MB): peak = 1805.836 ; gain = 509.812 ; free physical = 21649 ; free virtual = 33613
Finished Technology Mapping : Time (s): cpu = 00:00:19 ; elapsed = 00:00:22 . Memory (MB): peak = 1815.848 ; gain = 519.824 ; free physical = 21647 ; free virtual = 33611
Finished IO Insertion : Time (s): cpu = 00:00:19 ; elapsed = 00:00:22 . Memory (MB): peak = 1815.848 ; gain = 519.824 ; free physical = 21628 ; free virtual = 33592
Finished Renaming Generated Instances : Time (s): cpu = 00:00:19 ; elapsed = 00:00:22 . Memory (MB): peak = 1815.848 ; gain = 519.824 ; free physical = 21628 ; free virtual = 33592
Finished Rebuilding User Hierarchy : Time (s): cpu = 00:00:19 ; elapsed = 00:00:22 . Memory (MB): peak = 1815.848 ; gain = 519.824 ; free physical = 21628 ; free virtual = 33592
Finished Renaming Generated Ports : Time (s): cpu = 00:00:19 ; elapsed = 00:00:22 . Memory (MB): peak = 1815.848 ; gain = 519.824 ; free physical = 21628 ; free virtual = 33592
Finished Handling Custom Attributes : Time (s): cpu = 00:00:19 ; elapsed = 00:00:22 . Memory (MB): peak = 1815.848 ; gain = 519.824 ; free physical = 21628 ; free virtual = 33592
Finished Renaming Generated Nets : Time (s): cpu = 00:00:19 ; elapsed = 00:00:22 . Memory (MB): peak = 1815.848 ; gain = 519.824 ; free physical = 21628 ; free virtual = 33592

Report Cell Usage: 
+-+-----+------+
| |Cell |Count |
+-+-----+------+
+-+-----+------+
Finished Writing Synthesis Report : Time (s): cpu = 00:00:19 ; elapsed = 00:00:22 . Memory (MB): peak = 1815.848 ; gain = 519.824 ; free physical = 21628 ; free virtual = 33592
synth_design: Time (s): cpu = 00:00:20 ; elapsed = 00:00:23 . Memory (MB): peak = 1829.848 ; gain = 610.613 ; free physical = 21620 ; free virtual = 33585
