
*** Running vivado
    with args -log design_1_xlslice_1_2.vds -m64 -product Vivado -mode batch -messageDb vivado.pb -notrace -source design_1_xlslice_1_2.tcl


****** Vivado v2017.2 (64-bit)
  **** SW Build 1909853 on Thu Jun 15 18:39:10 MDT 2017
  **** IP Build 1909766 on Thu Jun 15 19:58:00 MDT 2017
    ** Copyright 1986-2017 Xilinx, Inc. All Rights Reserved.

source design_1_xlslice_1_2.tcl -notrace
Starting RTL Elaboration : Time (s): cpu = 00:00:03 ; elapsed = 00:00:03 . Memory (MB): peak = 1375.020 ; gain = 74.996 ; free physical = 22537 ; free virtual = 34587
INFO: [Synth 8-638] synthesizing module 'design_1_xlslice_1_2' [/afs/ece.cmu.edu/usr/dworpell/project_12/project_12.srcs/sources_1/bd/design_1/ip/design_1_xlslice_1_2/synth/design_1_xlslice_1_2.v:57]
INFO: [Synth 8-638] synthesizing module 'xlslice_v1_0_1_xlslice' [/afs/ece.cmu.edu/usr/dworpell/project_12/project_12.srcs/sources_1/bd/design_1/ipshared/bb23/hdl/xlslice_v1_0_vl_rfs.v:13]
INFO: [Synth 8-256] done synthesizing module 'xlslice_v1_0_1_xlslice' (1#1) [/afs/ece.cmu.edu/usr/dworpell/project_12/project_12.srcs/sources_1/bd/design_1/ipshared/bb23/hdl/xlslice_v1_0_vl_rfs.v:13]
INFO: [Synth 8-256] done synthesizing module 'design_1_xlslice_1_2' (2#1) [/afs/ece.cmu.edu/usr/dworpell/project_12/project_12.srcs/sources_1/bd/design_1/ip/design_1_xlslice_1_2/synth/design_1_xlslice_1_2.v:57]
Finished RTL Elaboration : Time (s): cpu = 00:00:03 ; elapsed = 00:00:04 . Memory (MB): peak = 1415.527 ; gain = 115.504 ; free physical = 22532 ; free virtual = 34583
Finished RTL Optimization Phase 1 : Time (s): cpu = 00:00:03 ; elapsed = 00:00:04 . Memory (MB): peak = 1415.527 ; gain = 115.504 ; free physical = 22509 ; free virtual = 34560
INFO: [Device 21-403] Loading part xc7vx485tffg1761-2
Constraint Validation Runtime : Time (s): cpu = 00:00:00.01 ; elapsed = 00:00:00.04 . Memory (MB): peak = 1812.848 ; gain = 0.996 ; free physical = 21301 ; free virtual = 33366
Finished Constraint Validation : Time (s): cpu = 00:00:16 ; elapsed = 00:00:18 . Memory (MB): peak = 1812.848 ; gain = 512.824 ; free physical = 21318 ; free virtual = 33370
Finished Loading Part and Timing Information : Time (s): cpu = 00:00:16 ; elapsed = 00:00:18 . Memory (MB): peak = 1812.848 ; gain = 512.824 ; free physical = 21318 ; free virtual = 33370
Finished applying 'set_property' XDC Constraints : Time (s): cpu = 00:00:16 ; elapsed = 00:00:18 . Memory (MB): peak = 1812.848 ; gain = 512.824 ; free physical = 21320 ; free virtual = 33371
Finished RTL Optimization Phase 2 : Time (s): cpu = 00:00:16 ; elapsed = 00:00:18 . Memory (MB): peak = 1812.848 ; gain = 512.824 ; free physical = 21320 ; free virtual = 33371
Finished Cross Boundary and Area Optimization : Time (s): cpu = 00:00:16 ; elapsed = 00:00:18 . Memory (MB): peak = 1812.848 ; gain = 512.824 ; free physical = 21317 ; free virtual = 33368
Finished Applying XDC Timing Constraints : Time (s): cpu = 00:00:20 ; elapsed = 00:00:23 . Memory (MB): peak = 1814.836 ; gain = 514.812 ; free physical = 21091 ; free virtual = 33161
Finished Timing Optimization : Time (s): cpu = 00:00:20 ; elapsed = 00:00:23 . Memory (MB): peak = 1814.836 ; gain = 514.812 ; free physical = 21091 ; free virtual = 33161
Finished Technology Mapping : Time (s): cpu = 00:00:20 ; elapsed = 00:00:23 . Memory (MB): peak = 1823.848 ; gain = 523.824 ; free physical = 21090 ; free virtual = 33159
Finished IO Insertion : Time (s): cpu = 00:00:21 ; elapsed = 00:00:23 . Memory (MB): peak = 1823.848 ; gain = 523.824 ; free physical = 21078 ; free virtual = 33148
Finished Renaming Generated Instances : Time (s): cpu = 00:00:21 ; elapsed = 00:00:23 . Memory (MB): peak = 1823.848 ; gain = 523.824 ; free physical = 21078 ; free virtual = 33148
Finished Rebuilding User Hierarchy : Time (s): cpu = 00:00:21 ; elapsed = 00:00:23 . Memory (MB): peak = 1823.848 ; gain = 523.824 ; free physical = 21078 ; free virtual = 33148
Finished Renaming Generated Ports : Time (s): cpu = 00:00:21 ; elapsed = 00:00:23 . Memory (MB): peak = 1823.848 ; gain = 523.824 ; free physical = 21078 ; free virtual = 33148
Finished Handling Custom Attributes : Time (s): cpu = 00:00:21 ; elapsed = 00:00:23 . Memory (MB): peak = 1823.848 ; gain = 523.824 ; free physical = 21078 ; free virtual = 33147
Finished Renaming Generated Nets : Time (s): cpu = 00:00:21 ; elapsed = 00:00:23 . Memory (MB): peak = 1823.848 ; gain = 523.824 ; free physical = 21078 ; free virtual = 33147

Report Cell Usage: 
+-+-----+------+
| |Cell |Count |
+-+-----+------+
+-+-----+------+
Finished Writing Synthesis Report : Time (s): cpu = 00:00:21 ; elapsed = 00:00:23 . Memory (MB): peak = 1823.848 ; gain = 523.824 ; free physical = 21077 ; free virtual = 33147
synth_design: Time (s): cpu = 00:00:22 ; elapsed = 00:00:24 . Memory (MB): peak = 1837.852 ; gain = 616.621 ; free physical = 21046 ; free virtual = 33117
