
*** Running vivado
    with args -log design_1_clk_wiz_0_0.vds -m64 -product Vivado -mode batch -messageDb vivado.pb -notrace -source design_1_clk_wiz_0_0.tcl


****** Vivado v2017.2 (64-bit)
  **** SW Build 1909853 on Thu Jun 15 18:39:10 MDT 2017
  **** IP Build 1909766 on Thu Jun 15 19:58:00 MDT 2017
    ** Copyright 1986-2017 Xilinx, Inc. All Rights Reserved.

source design_1_clk_wiz_0_0.tcl -notrace
Starting RTL Elaboration : Time (s): cpu = 00:00:02 ; elapsed = 00:00:03 . Memory (MB): peak = 1369.016 ; gain = 72.996 ; free physical = 18766 ; free virtual = 32766
INFO: [Synth 8-638] synthesizing module 'design_1_clk_wiz_0_0' [/afs/ece.cmu.edu/usr/dworpell/project_12/project_12.srcs/sources_1/bd/design_1/ip/design_1_clk_wiz_0_0/design_1_clk_wiz_0_0.v:70]
INFO: [Synth 8-638] synthesizing module 'design_1_clk_wiz_0_0_clk_wiz' [/afs/ece.cmu.edu/usr/dworpell/project_12/project_12.srcs/sources_1/bd/design_1/ip/design_1_clk_wiz_0_0/design_1_clk_wiz_0_0_clk_wiz.v:68]
INFO: [Synth 8-638] synthesizing module 'IBUFDS' [/usr/local/xilinx/Vivado-2017.2/Vivado/2017.2/scripts/rt/data/unisim_comp.v:14485]
INFO: [Synth 8-256] done synthesizing module 'IBUFDS' (1#1) [/usr/local/xilinx/Vivado-2017.2/Vivado/2017.2/scripts/rt/data/unisim_comp.v:14485]
INFO: [Synth 8-638] synthesizing module 'MMCME2_ADV' [/usr/local/xilinx/Vivado-2017.2/Vivado/2017.2/scripts/rt/data/unisim_comp.v:20759]
INFO: [Synth 8-256] done synthesizing module 'MMCME2_ADV' (2#1) [/usr/local/xilinx/Vivado-2017.2/Vivado/2017.2/scripts/rt/data/unisim_comp.v:20759]
INFO: [Synth 8-638] synthesizing module 'BUFG' [/usr/local/xilinx/Vivado-2017.2/Vivado/2017.2/scripts/rt/data/unisim_comp.v:607]
INFO: [Synth 8-256] done synthesizing module 'BUFG' (3#1) [/usr/local/xilinx/Vivado-2017.2/Vivado/2017.2/scripts/rt/data/unisim_comp.v:607]
INFO: [Synth 8-256] done synthesizing module 'design_1_clk_wiz_0_0_clk_wiz' (4#1) [/afs/ece.cmu.edu/usr/dworpell/project_12/project_12.srcs/sources_1/bd/design_1/ip/design_1_clk_wiz_0_0/design_1_clk_wiz_0_0_clk_wiz.v:68]
INFO: [Synth 8-256] done synthesizing module 'design_1_clk_wiz_0_0' (5#1) [/afs/ece.cmu.edu/usr/dworpell/project_12/project_12.srcs/sources_1/bd/design_1/ip/design_1_clk_wiz_0_0/design_1_clk_wiz_0_0.v:70]
Finished RTL Elaboration : Time (s): cpu = 00:00:03 ; elapsed = 00:00:03 . Memory (MB): peak = 1409.523 ; gain = 113.504 ; free physical = 19055 ; free virtual = 33056
Finished RTL Optimization Phase 1 : Time (s): cpu = 00:00:03 ; elapsed = 00:00:03 . Memory (MB): peak = 1409.523 ; gain = 113.504 ; free physical = 18906 ; free virtual = 32907
INFO: [Device 21-403] Loading part xc7vx485tffg1761-2
Constraint Validation Runtime : Time (s): cpu = 00:00:00.01 ; elapsed = 00:00:00.02 . Memory (MB): peak = 1819.832 ; gain = 0.004 ; free physical = 18634 ; free virtual = 32635
Finished Constraint Validation : Time (s): cpu = 00:00:15 ; elapsed = 00:00:16 . Memory (MB): peak = 1819.832 ; gain = 523.812 ; free physical = 18722 ; free virtual = 32724
Finished Loading Part and Timing Information : Time (s): cpu = 00:00:15 ; elapsed = 00:00:16 . Memory (MB): peak = 1819.832 ; gain = 523.812 ; free physical = 18722 ; free virtual = 32724
Finished applying 'set_property' XDC Constraints : Time (s): cpu = 00:00:15 ; elapsed = 00:00:16 . Memory (MB): peak = 1819.832 ; gain = 523.812 ; free physical = 18724 ; free virtual = 32725
Finished RTL Optimization Phase 2 : Time (s): cpu = 00:00:15 ; elapsed = 00:00:16 . Memory (MB): peak = 1819.832 ; gain = 523.812 ; free physical = 18723 ; free virtual = 32724
Finished Cross Boundary and Area Optimization : Time (s): cpu = 00:00:15 ; elapsed = 00:00:17 . Memory (MB): peak = 1819.832 ; gain = 523.812 ; free physical = 18723 ; free virtual = 32724
Finished Applying XDC Timing Constraints : Time (s): cpu = 00:00:19 ; elapsed = 00:00:21 . Memory (MB): peak = 1819.832 ; gain = 523.812 ; free physical = 18632 ; free virtual = 32634
Finished Timing Optimization : Time (s): cpu = 00:00:19 ; elapsed = 00:00:21 . Memory (MB): peak = 1819.832 ; gain = 523.812 ; free physical = 18632 ; free virtual = 32634
Finished Technology Mapping : Time (s): cpu = 00:00:19 ; elapsed = 00:00:21 . Memory (MB): peak = 1819.832 ; gain = 523.812 ; free physical = 18631 ; free virtual = 32633
Finished IO Insertion : Time (s): cpu = 00:00:19 ; elapsed = 00:00:21 . Memory (MB): peak = 1819.832 ; gain = 523.812 ; free physical = 18631 ; free virtual = 32633
Finished Renaming Generated Instances : Time (s): cpu = 00:00:19 ; elapsed = 00:00:21 . Memory (MB): peak = 1819.832 ; gain = 523.812 ; free physical = 18631 ; free virtual = 32633
Finished Rebuilding User Hierarchy : Time (s): cpu = 00:00:19 ; elapsed = 00:00:21 . Memory (MB): peak = 1819.832 ; gain = 523.812 ; free physical = 18631 ; free virtual = 32633
Finished Renaming Generated Ports : Time (s): cpu = 00:00:19 ; elapsed = 00:00:21 . Memory (MB): peak = 1819.832 ; gain = 523.812 ; free physical = 18631 ; free virtual = 32633
Finished Handling Custom Attributes : Time (s): cpu = 00:00:19 ; elapsed = 00:00:21 . Memory (MB): peak = 1819.832 ; gain = 523.812 ; free physical = 18631 ; free virtual = 32633
Finished Renaming Generated Nets : Time (s): cpu = 00:00:19 ; elapsed = 00:00:21 . Memory (MB): peak = 1819.832 ; gain = 523.812 ; free physical = 18631 ; free virtual = 32633

Report Cell Usage: 
+------+-----------+------+
|      |Cell       |Count |
+------+-----------+------+
|1     |BUFG       |     2|
|2     |MMCME2_ADV |     1|
|3     |IBUFDS     |     1|
+------+-----------+------+
Finished Writing Synthesis Report : Time (s): cpu = 00:00:19 ; elapsed = 00:00:21 . Memory (MB): peak = 1819.832 ; gain = 523.812 ; free physical = 18631 ; free virtual = 32633
synth_design: Time (s): cpu = 00:00:20 ; elapsed = 00:00:22 . Memory (MB): peak = 1831.828 ; gain = 612.598 ; free physical = 18640 ; free virtual = 32641
