
*** Running vivado
    with args -log design_2_WaitForInput_0_0.vds -m64 -product Vivado -mode batch -messageDb vivado.pb -notrace -source design_2_WaitForInput_0_0.tcl


****** Vivado v2017.2 (64-bit)
  **** SW Build 1909853 on Thu Jun 15 18:39:10 MDT 2017
  **** IP Build 1909766 on Thu Jun 15 19:58:00 MDT 2017
    ** Copyright 1986-2017 Xilinx, Inc. All Rights Reserved.

source design_2_WaitForInput_0_0.tcl -notrace
Command: synth_design -top design_2_WaitForInput_0_0 -part xc7vx485tffg1761-2 -mode out_of_context
Starting synth_design
Attempting to get a license for feature 'Synthesis' and/or device 'xc7vx485t-ffg1761'
INFO: [Common 17-349] Got license for feature 'Synthesis' and/or device 'xc7vx485t-ffg1761'
INFO: [Common 17-1223] The version limit for your license is '2018.07' and will expire in -88 days. A version limit expiration means that, although you may be able to continue to use the current version of tools or IP with this license, you will not be eligible for any updates or new releases.
INFO: Launching helper process for spawning children vivado processes
INFO: Helper process launched with PID 5774 
---------------------------------------------------------------------------------
Starting RTL Elaboration : Time (s): cpu = 00:00:02 ; elapsed = 00:00:03 . Memory (MB): peak = 1366.016 ; gain = 70.996 ; free physical = 22927 ; free virtual = 34831
---------------------------------------------------------------------------------
INFO: [Synth 8-638] synthesizing module 'design_2_WaitForInput_0_0' [/afs/ece.cmu.edu/usr/dworpell/project_12/project_12.srcs/sources_1/bd/design_2/ip/design_2_WaitForInput_0_0/synth/design_2_WaitForInput_0_0.v:56]
INFO: [Synth 8-638] synthesizing module 'WaitForInput' [/afs/ece.cmu.edu/usr/dworpell/project_12/project_12.srcs/sources_1/bd/design_2/ipshared/a652/hdl/verilog/WaitForInput.v:12]
	Parameter ap_ST_fsm_state1 bound to: 2'b01 
	Parameter ap_ST_fsm_state2 bound to: 2'b10 
INFO: [Synth 8-5534] Detected attribute (* fsm_encoding = "none" *) [/afs/ece.cmu.edu/usr/dworpell/project_12/project_12.srcs/sources_1/bd/design_2/ipshared/a652/hdl/verilog/WaitForInput.v:39]
WARNING: [Synth 8-6014] Unused sequential element ap_ready_reg was removed.  [/afs/ece.cmu.edu/usr/dworpell/project_12/project_12.srcs/sources_1/bd/design_2/ipshared/a652/hdl/verilog/WaitForInput.v:83]
INFO: [Synth 8-256] done synthesizing module 'WaitForInput' (1#1) [/afs/ece.cmu.edu/usr/dworpell/project_12/project_12.srcs/sources_1/bd/design_2/ipshared/a652/hdl/verilog/WaitForInput.v:12]
INFO: [Synth 8-256] done synthesizing module 'design_2_WaitForInput_0_0' (2#1) [/afs/ece.cmu.edu/usr/dworpell/project_12/project_12.srcs/sources_1/bd/design_2/ip/design_2_WaitForInput_0_0/synth/design_2_WaitForInput_0_0.v:56]
---------------------------------------------------------------------------------
Finished RTL Elaboration : Time (s): cpu = 00:00:03 ; elapsed = 00:00:03 . Memory (MB): peak = 1406.523 ; gain = 111.504 ; free physical = 22954 ; free virtual = 34862
---------------------------------------------------------------------------------

Report Check Netlist: 
+------+------------------+-------+---------+-------+------------------+
|      |Item              |Errors |Warnings |Status |Description       |
+------+------------------+-------+---------+-------+------------------+
|1     |multi_driven_nets |      0|        0|Passed |Multi driven nets |
+------+------------------+-------+---------+-------+------------------+
---------------------------------------------------------------------------------
Finished RTL Optimization Phase 1 : Time (s): cpu = 00:00:03 ; elapsed = 00:00:04 . Memory (MB): peak = 1406.523 ; gain = 111.504 ; free physical = 22941 ; free virtual = 34849
---------------------------------------------------------------------------------
INFO: [Device 21-403] Loading part xc7vx485tffg1761-2
INFO: [Project 1-570] Preparing netlist for logic optimization

Processing XDC Constraints
Initializing timing engine
Parsing XDC File [/afs/ece.cmu.edu/usr/dworpell/project_12/project_12.srcs/sources_1/bd/design_2/ip/design_2_WaitForInput_0_0/constraints/WaitForInput_ooc.xdc] for cell 'inst'
Finished Parsing XDC File [/afs/ece.cmu.edu/usr/dworpell/project_12/project_12.srcs/sources_1/bd/design_2/ip/design_2_WaitForInput_0_0/constraints/WaitForInput_ooc.xdc] for cell 'inst'
Parsing XDC File [/afs/ece.cmu.edu/usr/dworpell/project_12/project_12.runs/design_2_WaitForInput_0_0_synth_1/dont_touch.xdc]
Finished Parsing XDC File [/afs/ece.cmu.edu/usr/dworpell/project_12/project_12.runs/design_2_WaitForInput_0_0_synth_1/dont_touch.xdc]
Completed Processing XDC Constraints

INFO: [Project 1-111] Unisim Transformation Summary:
No Unisim elements were transformed.

Constraint Validation Runtime : Time (s): cpu = 00:00:00.02 ; elapsed = 00:00:00.01 . Memory (MB): peak = 1884.285 ; gain = 0.004 ; free physical = 21866 ; free virtual = 33810
---------------------------------------------------------------------------------
Finished Constraint Validation : Time (s): cpu = 00:00:14 ; elapsed = 00:00:18 . Memory (MB): peak = 1884.285 ; gain = 589.266 ; free physical = 22021 ; free virtual = 33980
---------------------------------------------------------------------------------
---------------------------------------------------------------------------------
Start Loading Part and Timing Information
---------------------------------------------------------------------------------
Loading part: xc7vx485tffg1761-2
---------------------------------------------------------------------------------
Finished Loading Part and Timing Information : Time (s): cpu = 00:00:14 ; elapsed = 00:00:18 . Memory (MB): peak = 1884.285 ; gain = 589.266 ; free physical = 22021 ; free virtual = 33980
---------------------------------------------------------------------------------
---------------------------------------------------------------------------------
Start Applying 'set_property' XDC Constraints
---------------------------------------------------------------------------------
Applied set_property DONT_TOUCH = true for inst. (constraint file  /afs/ece.cmu.edu/usr/dworpell/project_12/project_12.runs/design_2_WaitForInput_0_0_synth_1/dont_touch.xdc, line 9).
---------------------------------------------------------------------------------
Finished applying 'set_property' XDC Constraints : Time (s): cpu = 00:00:14 ; elapsed = 00:00:18 . Memory (MB): peak = 1884.285 ; gain = 589.266 ; free physical = 22022 ; free virtual = 33982
---------------------------------------------------------------------------------
INFO: [Synth 8-4490] FSM extraction disabled for register 'ap_CS_fsm_reg' through user attribute
INFO: [Synth 8-5546] ROM "tmp_fu_36_p2" won't be mapped to RAM because it is too sparse
---------------------------------------------------------------------------------
Finished RTL Optimization Phase 2 : Time (s): cpu = 00:00:14 ; elapsed = 00:00:18 . Memory (MB): peak = 1884.285 ; gain = 589.266 ; free physical = 22011 ; free virtual = 33970
---------------------------------------------------------------------------------

Report RTL Partitions: 
+-+--------------+------------+----------+
| |RTL Partition |Replication |Instances |
+-+--------------+------------+----------+
+-+--------------+------------+----------+
---------------------------------------------------------------------------------
Start RTL Component Statistics 
---------------------------------------------------------------------------------
Detailed RTL Component Info : 
+---Registers : 
	                8 Bit    Registers := 1     
	                2 Bit    Registers := 1     
+---Muxes : 
	   5 Input      2 Bit        Muxes := 1     
	   2 Input      1 Bit        Muxes := 1     
---------------------------------------------------------------------------------
Finished RTL Component Statistics 
---------------------------------------------------------------------------------
---------------------------------------------------------------------------------
Start RTL Hierarchical Component Statistics 
---------------------------------------------------------------------------------
Hierarchical RTL Component report 
Module WaitForInput 
Detailed RTL Component Info : 
+---Registers : 
	                8 Bit    Registers := 1     
	                2 Bit    Registers := 1     
+---Muxes : 
	   5 Input      2 Bit        Muxes := 1     
	   2 Input      1 Bit        Muxes := 1     
---------------------------------------------------------------------------------
Finished RTL Hierarchical Component Statistics
---------------------------------------------------------------------------------
---------------------------------------------------------------------------------
Start Part Resource Summary
---------------------------------------------------------------------------------
Part Resources:
DSPs: 2800 (col length:140)
BRAMs: 2060 (col length: RAMB18 140 RAMB36 70)
---------------------------------------------------------------------------------
Finished Part Resource Summary
---------------------------------------------------------------------------------
---------------------------------------------------------------------------------
Start Cross Boundary and Area Optimization
---------------------------------------------------------------------------------
INFO: [Synth 8-5546] ROM "tmp_fu_36_p2" won't be mapped to RAM because it is too sparse
---------------------------------------------------------------------------------
Finished Cross Boundary and Area Optimization : Time (s): cpu = 00:00:15 ; elapsed = 00:00:18 . Memory (MB): peak = 1884.285 ; gain = 589.266 ; free physical = 21995 ; free virtual = 33958
---------------------------------------------------------------------------------

Report RTL Partitions: 
+-+--------------+------------+----------+
| |RTL Partition |Replication |Instances |
+-+--------------+------------+----------+
+-+--------------+------------+----------+
---------------------------------------------------------------------------------
Start Applying XDC Timing Constraints
---------------------------------------------------------------------------------
---------------------------------------------------------------------------------
Finished Applying XDC Timing Constraints : Time (s): cpu = 00:00:19 ; elapsed = 00:00:22 . Memory (MB): peak = 1884.285 ; gain = 589.266 ; free physical = 21629 ; free virtual = 33593
---------------------------------------------------------------------------------
---------------------------------------------------------------------------------
Start Timing Optimization
---------------------------------------------------------------------------------
---------------------------------------------------------------------------------
Finished Timing Optimization : Time (s): cpu = 00:00:19 ; elapsed = 00:00:22 . Memory (MB): peak = 1884.285 ; gain = 589.266 ; free physical = 21629 ; free virtual = 33593
---------------------------------------------------------------------------------

Report RTL Partitions: 
+-+--------------+------------+----------+
| |RTL Partition |Replication |Instances |
+-+--------------+------------+----------+
+-+--------------+------------+----------+
---------------------------------------------------------------------------------
Start Technology Mapping
---------------------------------------------------------------------------------
---------------------------------------------------------------------------------
Finished Technology Mapping : Time (s): cpu = 00:00:19 ; elapsed = 00:00:22 . Memory (MB): peak = 1884.285 ; gain = 589.266 ; free physical = 21628 ; free virtual = 33592
---------------------------------------------------------------------------------

Report RTL Partitions: 
+-+--------------+------------+----------+
| |RTL Partition |Replication |Instances |
+-+--------------+------------+----------+
+-+--------------+------------+----------+
---------------------------------------------------------------------------------
Start IO Insertion
---------------------------------------------------------------------------------
---------------------------------------------------------------------------------
Start Flattening Before IO Insertion
---------------------------------------------------------------------------------
---------------------------------------------------------------------------------
Finished Flattening Before IO Insertion
---------------------------------------------------------------------------------
---------------------------------------------------------------------------------
Start Final Netlist Cleanup
---------------------------------------------------------------------------------
---------------------------------------------------------------------------------
Finished Final Netlist Cleanup
---------------------------------------------------------------------------------
---------------------------------------------------------------------------------
Finished IO Insertion : Time (s): cpu = 00:00:19 ; elapsed = 00:00:22 . Memory (MB): peak = 1884.285 ; gain = 589.266 ; free physical = 21712 ; free virtual = 33676
---------------------------------------------------------------------------------

Report Check Netlist: 
+------+------------------+-------+---------+-------+------------------+
|      |Item              |Errors |Warnings |Status |Description       |
+------+------------------+-------+---------+-------+------------------+
|1     |multi_driven_nets |      0|        0|Passed |Multi driven nets |
+------+------------------+-------+---------+-------+------------------+
---------------------------------------------------------------------------------
Start Renaming Generated Instances
---------------------------------------------------------------------------------
---------------------------------------------------------------------------------
Finished Renaming Generated Instances : Time (s): cpu = 00:00:19 ; elapsed = 00:00:22 . Memory (MB): peak = 1884.285 ; gain = 589.266 ; free physical = 21712 ; free virtual = 33676
---------------------------------------------------------------------------------

Report RTL Partitions: 
+-+--------------+------------+----------+
| |RTL Partition |Replication |Instances |
+-+--------------+------------+----------+
+-+--------------+------------+----------+
---------------------------------------------------------------------------------
Start Rebuilding User Hierarchy
---------------------------------------------------------------------------------
---------------------------------------------------------------------------------
Finished Rebuilding User Hierarchy : Time (s): cpu = 00:00:19 ; elapsed = 00:00:22 . Memory (MB): peak = 1884.285 ; gain = 589.266 ; free physical = 21712 ; free virtual = 33676
---------------------------------------------------------------------------------
---------------------------------------------------------------------------------
Start Renaming Generated Ports
---------------------------------------------------------------------------------
---------------------------------------------------------------------------------
Finished Renaming Generated Ports : Time (s): cpu = 00:00:19 ; elapsed = 00:00:22 . Memory (MB): peak = 1884.285 ; gain = 589.266 ; free physical = 21712 ; free virtual = 33676
---------------------------------------------------------------------------------
---------------------------------------------------------------------------------
Start Handling Custom Attributes
---------------------------------------------------------------------------------
---------------------------------------------------------------------------------
Finished Handling Custom Attributes : Time (s): cpu = 00:00:19 ; elapsed = 00:00:22 . Memory (MB): peak = 1884.285 ; gain = 589.266 ; free physical = 21712 ; free virtual = 33676
---------------------------------------------------------------------------------
---------------------------------------------------------------------------------
Start Renaming Generated Nets
---------------------------------------------------------------------------------
---------------------------------------------------------------------------------
Finished Renaming Generated Nets : Time (s): cpu = 00:00:19 ; elapsed = 00:00:22 . Memory (MB): peak = 1884.285 ; gain = 589.266 ; free physical = 21712 ; free virtual = 33676
---------------------------------------------------------------------------------
---------------------------------------------------------------------------------
Start Writing Synthesis Report
---------------------------------------------------------------------------------

Report BlackBoxes: 
+-+--------------+----------+
| |BlackBox name |Instances |
+-+--------------+----------+
+-+--------------+----------+

Report Cell Usage: 
+------+-----+------+
|      |Cell |Count |
+------+-----+------+
|1     |LUT2 |     2|
|2     |LUT3 |     1|
|3     |LUT4 |     1|
|4     |LUT5 |     2|
|5     |LUT6 |     1|
|6     |FDRE |    10|
+------+-----+------+

Report Instance Areas: 
+------+---------+-------------+------+
|      |Instance |Module       |Cells |
+------+---------+-------------+------+
|1     |top      |             |    17|
|2     |  inst   |WaitForInput |    17|
+------+---------+-------------+------+
---------------------------------------------------------------------------------
Finished Writing Synthesis Report : Time (s): cpu = 00:00:19 ; elapsed = 00:00:23 . Memory (MB): peak = 1884.285 ; gain = 589.266 ; free physical = 21712 ; free virtual = 33676
---------------------------------------------------------------------------------
Synthesis finished with 0 errors, 0 critical warnings and 0 warnings.
Synthesis Optimization Runtime : Time (s): cpu = 00:00:10 ; elapsed = 00:00:11 . Memory (MB): peak = 1884.285 ; gain = 111.504 ; free physical = 21768 ; free virtual = 33732
Synthesis Optimization Complete : Time (s): cpu = 00:00:19 ; elapsed = 00:00:23 . Memory (MB): peak = 1884.285 ; gain = 589.266 ; free physical = 21768 ; free virtual = 33732
INFO: [Project 1-571] Translating synthesized netlist
INFO: [Project 1-570] Preparing netlist for logic optimization
INFO: [Opt 31-138] Pushed 0 inverter(s) to 0 load pin(s).
INFO: [Project 1-111] Unisim Transformation Summary:
No Unisim elements were transformed.

17 Infos, 1 Warnings, 0 Critical Warnings and 0 Errors encountered.
synth_design completed successfully
synth_design: Time (s): cpu = 00:00:20 ; elapsed = 00:00:24 . Memory (MB): peak = 1884.285 ; gain = 666.055 ; free physical = 21666 ; free virtual = 33632
INFO: [Common 17-1381] The checkpoint '/afs/ece.cmu.edu/usr/dworpell/project_12/project_12.runs/design_2_WaitForInput_0_0_synth_1/design_2_WaitForInput_0_0.dcp' has been generated.
