
*** Running vivado
    with args -log design_1_xlconcat_0_0.vds -m64 -product Vivado -mode batch -messageDb vivado.pb -notrace -source design_1_xlconcat_0_0.tcl


****** Vivado v2017.2 (64-bit)
  **** SW Build 1909853 on Thu Jun 15 18:39:10 MDT 2017
  **** IP Build 1909766 on Thu Jun 15 19:58:00 MDT 2017
    ** Copyright 1986-2017 Xilinx, Inc. All Rights Reserved.

source design_1_xlconcat_0_0.tcl -notrace
Starting RTL Elaboration : Time (s): cpu = 00:00:03 ; elapsed = 00:00:03 . Memory (MB): peak = 1369.023 ; gain = 72.996 ; free physical = 22813 ; free virtual = 34799
INFO: [Synth 8-638] synthesizing module 'design_1_xlconcat_0_0' [/afs/ece.cmu.edu/usr/dworpell/project_12/project_12.srcs/sources_1/bd/design_1/ip/design_1_xlconcat_0_0/synth/design_1_xlconcat_0_0.v:58]
INFO: [Synth 8-638] synthesizing module 'xlconcat_v2_1_1_xlconcat' [/afs/ece.cmu.edu/usr/dworpell/project_12/project_12.srcs/sources_1/bd/design_1/ipshared/73b7/hdl/xlconcat_v2_1_vl_rfs.v:14]
INFO: [Synth 8-256] done synthesizing module 'xlconcat_v2_1_1_xlconcat' (1#1) [/afs/ece.cmu.edu/usr/dworpell/project_12/project_12.srcs/sources_1/bd/design_1/ipshared/73b7/hdl/xlconcat_v2_1_vl_rfs.v:14]
INFO: [Synth 8-256] done synthesizing module 'design_1_xlconcat_0_0' (2#1) [/afs/ece.cmu.edu/usr/dworpell/project_12/project_12.srcs/sources_1/bd/design_1/ip/design_1_xlconcat_0_0/synth/design_1_xlconcat_0_0.v:58]
Finished RTL Elaboration : Time (s): cpu = 00:00:03 ; elapsed = 00:00:04 . Memory (MB): peak = 1408.531 ; gain = 112.504 ; free physical = 22807 ; free virtual = 34798
Finished RTL Optimization Phase 1 : Time (s): cpu = 00:00:03 ; elapsed = 00:00:04 . Memory (MB): peak = 1408.531 ; gain = 112.504 ; free physical = 22840 ; free virtual = 34833
INFO: [Device 21-403] Loading part xc7vx485tffg1761-2
Constraint Validation Runtime : Time (s): cpu = 00:00:00.01 ; elapsed = 00:00:00.02 . Memory (MB): peak = 1805.301 ; gain = 0.000 ; free physical = 21386 ; free virtual = 33572
Finished Constraint Validation : Time (s): cpu = 00:00:16 ; elapsed = 00:00:19 . Memory (MB): peak = 1805.301 ; gain = 509.273 ; free physical = 21442 ; free virtual = 33628
Finished Loading Part and Timing Information : Time (s): cpu = 00:00:16 ; elapsed = 00:00:19 . Memory (MB): peak = 1805.301 ; gain = 509.273 ; free physical = 21442 ; free virtual = 33628
Finished applying 'set_property' XDC Constraints : Time (s): cpu = 00:00:16 ; elapsed = 00:00:19 . Memory (MB): peak = 1805.301 ; gain = 509.273 ; free physical = 21443 ; free virtual = 33629
Finished RTL Optimization Phase 2 : Time (s): cpu = 00:00:16 ; elapsed = 00:00:19 . Memory (MB): peak = 1805.301 ; gain = 509.273 ; free physical = 21443 ; free virtual = 33629
Finished Cross Boundary and Area Optimization : Time (s): cpu = 00:00:16 ; elapsed = 00:00:19 . Memory (MB): peak = 1805.301 ; gain = 509.273 ; free physical = 21472 ; free virtual = 33660
Finished Applying XDC Timing Constraints : Time (s): cpu = 00:00:22 ; elapsed = 00:00:25 . Memory (MB): peak = 1807.285 ; gain = 511.258 ; free physical = 21123 ; free virtual = 33326
Finished Timing Optimization : Time (s): cpu = 00:00:22 ; elapsed = 00:00:25 . Memory (MB): peak = 1807.285 ; gain = 511.258 ; free physical = 21123 ; free virtual = 33326
Finished Technology Mapping : Time (s): cpu = 00:00:22 ; elapsed = 00:00:25 . Memory (MB): peak = 1817.297 ; gain = 521.270 ; free physical = 21123 ; free virtual = 33326
Finished IO Insertion : Time (s): cpu = 00:00:22 ; elapsed = 00:00:25 . Memory (MB): peak = 1817.297 ; gain = 521.270 ; free physical = 21077 ; free virtual = 33280
Finished Renaming Generated Instances : Time (s): cpu = 00:00:22 ; elapsed = 00:00:25 . Memory (MB): peak = 1817.297 ; gain = 521.270 ; free physical = 21076 ; free virtual = 33279
Finished Rebuilding User Hierarchy : Time (s): cpu = 00:00:22 ; elapsed = 00:00:25 . Memory (MB): peak = 1817.297 ; gain = 521.270 ; free physical = 21076 ; free virtual = 33279
Finished Renaming Generated Ports : Time (s): cpu = 00:00:22 ; elapsed = 00:00:25 . Memory (MB): peak = 1817.297 ; gain = 521.270 ; free physical = 21076 ; free virtual = 33279
Finished Handling Custom Attributes : Time (s): cpu = 00:00:22 ; elapsed = 00:00:25 . Memory (MB): peak = 1817.297 ; gain = 521.270 ; free physical = 21076 ; free virtual = 33279
Finished Renaming Generated Nets : Time (s): cpu = 00:00:22 ; elapsed = 00:00:25 . Memory (MB): peak = 1817.297 ; gain = 521.270 ; free physical = 21076 ; free virtual = 33279

Report Cell Usage: 
+-+-----+------+
| |Cell |Count |
+-+-----+------+
+-+-----+------+
Finished Writing Synthesis Report : Time (s): cpu = 00:00:22 ; elapsed = 00:00:25 . Memory (MB): peak = 1817.297 ; gain = 521.270 ; free physical = 21075 ; free virtual = 33279
synth_design: Time (s): cpu = 00:00:23 ; elapsed = 00:00:26 . Memory (MB): peak = 1831.301 ; gain = 612.062 ; free physical = 20971 ; free virtual = 33174
