INFO: [VRFC 10-2263] Analyzing Verilog file "/afs/ece.cmu.edu/usr/dworpell/project_12/project_12.srcs/sources_1/new/Constants.v" into library xil_defaultlib
INFO: [VRFC 10-311] analyzing module Constants
WARNING: [VRFC 10-1315] redeclaration of ansi port sptprice is not allowed [/afs/ece.cmu.edu/usr/dworpell/project_12/project_12.srcs/sources_1/new/Constants.v:33]
WARNING: [VRFC 10-1315] redeclaration of ansi port strike is not allowed [/afs/ece.cmu.edu/usr/dworpell/project_12/project_12.srcs/sources_1/new/Constants.v:34]
WARNING: [VRFC 10-1315] redeclaration of ansi port rate is not allowed [/afs/ece.cmu.edu/usr/dworpell/project_12/project_12.srcs/sources_1/new/Constants.v:35]
WARNING: [VRFC 10-1315] redeclaration of ansi port volatility is not allowed [/afs/ece.cmu.edu/usr/dworpell/project_12/project_12.srcs/sources_1/new/Constants.v:36]
WARNING: [VRFC 10-1315] redeclaration of ansi port time_r is not allowed [/afs/ece.cmu.edu/usr/dworpell/project_12/project_12.srcs/sources_1/new/Constants.v:37]
WARNING: [VRFC 10-1315] redeclaration of ansi port otype is not allowed [/afs/ece.cmu.edu/usr/dworpell/project_12/project_12.srcs/sources_1/new/Constants.v:38]
WARNING: [VRFC 10-1315] redeclaration of ansi port timet is not allowed [/afs/ece.cmu.edu/usr/dworpell/project_12/project_12.srcs/sources_1/new/Constants.v:39]
INFO: [VRFC 10-2263] Analyzing SystemVerilog file "/afs/ece.cmu.edu/usr/dworpell/project_12/project_12.srcs/sources_1/new/BLSController.sv" into library xil_defaultlib
INFO: [VRFC 10-311] analyzing module BLSController
INFO: [VRFC 10-2263] Analyzing SystemVerilog file "/afs/ece.cmu.edu/usr/dworpell/project_12/project_12.srcs/sources_1/new/ComonentsLib.sv" into library xil_defaultlib
INFO: [VRFC 10-311] analyzing module PacketRegister
INFO: [VRFC 10-311] analyzing module Counter
INFO: [VRFC 10-311] analyzing module Mux2to1
INFO: [VRFC 10-2263] Analyzing Verilog file "/afs/ece.cmu.edu/usr/dworpell/project_12/project_12.srcs/sources_1/new/BLSControllerWrapper.v" into library xil_defaultlib
INFO: [VRFC 10-311] analyzing module BLSControllerWrapper
WARNING: [VRFC 10-1315] redeclaration of ansi port clock is not allowed [/afs/ece.cmu.edu/usr/dworpell/project_12/project_12.srcs/sources_1/new/BLSControllerWrapper.v:32]
WARNING: [VRFC 10-1315] redeclaration of ansi port BS_READY is not allowed [/afs/ece.cmu.edu/usr/dworpell/project_12/project_12.srcs/sources_1/new/BLSControllerWrapper.v:33]
WARNING: [VRFC 10-1315] redeclaration of ansi port BS_DONE is not allowed [/afs/ece.cmu.edu/usr/dworpell/project_12/project_12.srcs/sources_1/new/BLSControllerWrapper.v:34]
WARNING: [VRFC 10-1315] redeclaration of ansi port BS_IDLE is not allowed [/afs/ece.cmu.edu/usr/dworpell/project_12/project_12.srcs/sources_1/new/BLSControllerWrapper.v:35]
WARNING: [VRFC 10-1315] redeclaration of ansi port hasUnusedData is not allowed [/afs/ece.cmu.edu/usr/dworpell/project_12/project_12.srcs/sources_1/new/BLSControllerWrapper.v:36]
WARNING: [VRFC 10-1315] redeclaration of ansi port BS_START is not allowed [/afs/ece.cmu.edu/usr/dworpell/project_12/project_12.srcs/sources_1/new/BLSControllerWrapper.v:37]
WARNING: [VRFC 10-1315] redeclaration of ansi port SERVE_REG is not allowed [/afs/ece.cmu.edu/usr/dworpell/project_12/project_12.srcs/sources_1/new/BLSControllerWrapper.v:38]
WARNING: [VRFC 10-1315] redeclaration of ansi port LED is not allowed [/afs/ece.cmu.edu/usr/dworpell/project_12/project_12.srcs/sources_1/new/BLSControllerWrapper.v:39]
ERROR: [VRFC 10-91] BSMODS is not declared [/afs/ece.cmu.edu/usr/dworpell/project_12/project_12.srcs/sources_1/new/BLSControllerWrapper.v:33]
ERROR: [VRFC 10-1775] range must be bounded by constant expressions [/afs/ece.cmu.edu/usr/dworpell/project_12/project_12.srcs/sources_1/new/BLSControllerWrapper.v:33]
ERROR: [VRFC 10-91] BSMODS is not declared [/afs/ece.cmu.edu/usr/dworpell/project_12/project_12.srcs/sources_1/new/BLSControllerWrapper.v:34]
ERROR: [VRFC 10-1775] range must be bounded by constant expressions [/afs/ece.cmu.edu/usr/dworpell/project_12/project_12.srcs/sources_1/new/BLSControllerWrapper.v:34]
ERROR: [VRFC 10-91] BSMODS is not declared [/afs/ece.cmu.edu/usr/dworpell/project_12/project_12.srcs/sources_1/new/BLSControllerWrapper.v:35]
ERROR: [VRFC 10-1775] range must be bounded by constant expressions [/afs/ece.cmu.edu/usr/dworpell/project_12/project_12.srcs/sources_1/new/BLSControllerWrapper.v:35]
ERROR: [VRFC 10-91] BSMODS is not declared [/afs/ece.cmu.edu/usr/dworpell/project_12/project_12.srcs/sources_1/new/BLSControllerWrapper.v:36]
ERROR: [VRFC 10-1775] range must be bounded by constant expressions [/afs/ece.cmu.edu/usr/dworpell/project_12/project_12.srcs/sources_1/new/BLSControllerWrapper.v:36]
ERROR: [VRFC 10-91] BSMODS is not declared [/afs/ece.cmu.edu/usr/dworpell/project_12/project_12.srcs/sources_1/new/BLSControllerWrapper.v:37]
ERROR: [VRFC 10-1775] range must be bounded by constant expressions [/afs/ece.cmu.edu/usr/dworpell/project_12/project_12.srcs/sources_1/new/BLSControllerWrapper.v:37]
ERROR: [VRFC 10-91] BSMODS is not declared [/afs/ece.cmu.edu/usr/dworpell/project_12/project_12.srcs/sources_1/new/BLSControllerWrapper.v:38]
ERROR: [VRFC 10-1775] range must be bounded by constant expressions [/afs/ece.cmu.edu/usr/dworpell/project_12/project_12.srcs/sources_1/new/BLSControllerWrapper.v:38]
ERROR: [VRFC 10-1040] module BLSControllerWrapper ignored due to previous errors [/afs/ece.cmu.edu/usr/dworpell/project_12/project_12.srcs/sources_1/new/BLSControllerWrapper.v:22]
